  [1m[35m (17.4ms)[0m  [1m[35mCREATE TABLE "schema_migrations" ("version" character varying NOT NULL PRIMARY KEY)[0m
  [1m[35m (3.3ms)[0m  [1m[35mCREATE TABLE "ar_internal_metadata" ("key" character varying NOT NULL PRIMARY KEY, "value" character varying, "created_at" timestamp NOT NULL, "updated_at" timestamp NOT NULL)[0m
  [1m[35m (0.3ms)[0m  [1m[34mSELECT pg_try_advisory_lock(5796706365260502195)[0m
  [1m[35m (0.4ms)[0m  [1m[34mSELECT "schema_migrations"."version" FROM "schema_migrations" ORDER BY "schema_migrations"."version" ASC[0m
  [1m[36mActiveRecord::InternalMetadata Load (0.4ms)[0m  [1m[34mSELECT  "ar_internal_metadata".* FROM "ar_internal_metadata" WHERE "ar_internal_metadata"."key" = $1 LIMIT $2[0m  [["key", "environment"], ["LIMIT", 1]]
  [1m[35m (0.1ms)[0m  [1m[35mBEGIN[0m
  [1m[35mSQL (3.2ms)[0m  [1m[32mINSERT INTO "ar_internal_metadata" ("key", "value", "created_at", "updated_at") VALUES ($1, $2, $3, $4) RETURNING "key"[0m  [["key", "environment"], ["value", "development"], ["created_at", "2017-09-07 10:18:28.743925"], ["updated_at", "2017-09-07 10:18:28.743925"]]
  [1m[35m (0.6ms)[0m  [1m[35mCOMMIT[0m
  [1m[35m (0.3ms)[0m  [1m[34mSELECT pg_advisory_unlock(5796706365260502195)[0m
  [1m[35m (0.2ms)[0m  [1m[34mSELECT "schema_migrations"."version" FROM "schema_migrations" ORDER BY "schema_migrations"."version" ASC[0m
  [1m[35m (0.1ms)[0m  [1m[34mSELECT pg_try_advisory_lock(5796706365260502195)[0m
  [1m[35m (0.4ms)[0m  [1m[34mSELECT "schema_migrations"."version" FROM "schema_migrations" ORDER BY "schema_migrations"."version" ASC[0m
Migrating to CreateTasks (20170907101951)
  [1m[35m (0.4ms)[0m  [1m[35mBEGIN[0m
  [1m[35m (11.3ms)[0m  [1m[35mCREATE TABLE "tasks" ("id" bigserial primary key, "name" character varying, "description" text, "created_at" timestamp NOT NULL, "updated_at" timestamp NOT NULL)[0m
  [1m[35mSQL (0.4ms)[0m  [1m[32mINSERT INTO "schema_migrations" ("version") VALUES ($1) RETURNING "version"[0m  [["version", "20170907101951"]]
  [1m[35m (0.5ms)[0m  [1m[35mCOMMIT[0m
  [1m[36mActiveRecord::InternalMetadata Load (1.0ms)[0m  [1m[34mSELECT  "ar_internal_metadata".* FROM "ar_internal_metadata" WHERE "ar_internal_metadata"."key" = $1 LIMIT $2[0m  [["key", "environment"], ["LIMIT", 1]]
  [1m[35m (0.2ms)[0m  [1m[35mBEGIN[0m
  [1m[35m (0.1ms)[0m  [1m[35mCOMMIT[0m
  [1m[35m (0.2ms)[0m  [1m[34mSELECT pg_advisory_unlock(5796706365260502195)[0m
  [1m[35m (0.2ms)[0m  [1m[34mSELECT "schema_migrations"."version" FROM "schema_migrations" ORDER BY "schema_migrations"."version" ASC[0m
Started GET "/" for 127.0.0.1 at 2017-09-07 15:56:24 +0530
  [1m[35m (0.5ms)[0m  [1m[34mSELECT "schema_migrations"."version" FROM "schema_migrations" ORDER BY "schema_migrations"."version" ASC[0m
Processing by TasksController#index as HTML
  Rendering tasks/index.html.erb within layouts/application
  [1m[36mTask Load (5.1ms)[0m  [1m[34mSELECT "tasks".* FROM "tasks"[0m
  Rendered tasks/index.html.erb within layouts/application (9.3ms)
Completed 200 OK in 312ms (Views: 288.8ms | ActiveRecord: 6.7ms)


Started GET "/tasks/new" for 127.0.0.1 at 2017-09-07 15:56:29 +0530
Processing by TasksController#new as HTML
  Rendering tasks/new.html.erb within layouts/application
  Rendered tasks/_form.html.erb (11.6ms)
  Rendered tasks/new.html.erb within layouts/application (43.2ms)
Completed 200 OK in 91ms (Views: 61.5ms | ActiveRecord: 11.2ms)


Started GET "/tasks" for 127.0.0.1 at 2017-09-07 15:56:34 +0530
Processing by TasksController#index as HTML
  Rendering tasks/index.html.erb within layouts/application
  [1m[36mTask Load (0.3ms)[0m  [1m[34mSELECT "tasks".* FROM "tasks"[0m
  Rendered tasks/index.html.erb within layouts/application (2.3ms)
Completed 200 OK in 36ms (Views: 33.6ms | ActiveRecord: 0.3ms)


Started GET "/tasks/new" for 127.0.0.1 at 2017-09-07 15:59:31 +0530
Processing by TasksController#new as HTML
  Rendering tasks/new.html.erb within layouts/application
  Rendered tasks/_form.html.erb (2.5ms)
  Rendered tasks/new.html.erb within layouts/application (5.4ms)
Completed 200 OK in 61ms (Views: 56.8ms | ActiveRecord: 0.0ms)


Started GET "/tasks/new" for 127.0.0.1 at 2017-09-07 15:59:34 +0530
Processing by TasksController#new as HTML
  Rendering tasks/new.html.erb within layouts/application
  Rendered tasks/_form.html.erb (1.2ms)
  Rendered tasks/new.html.erb within layouts/application (2.6ms)
Completed 200 OK in 18ms (Views: 16.5ms | ActiveRecord: 0.0ms)


Started GET "/tasks/new" for 127.0.0.1 at 2017-09-07 16:00:09 +0530
  [1m[35m (0.5ms)[0m  [1m[34mSELECT "schema_migrations"."version" FROM "schema_migrations" ORDER BY "schema_migrations"."version" ASC[0m
Processing by TasksController#new as HTML
  Rendering tasks/new.html.erb within layouts/application
  Rendered tasks/_form.html.erb (8.0ms)
  Rendered tasks/new.html.erb within layouts/application (11.2ms)
Completed 200 OK in 226ms (Views: 204.7ms | ActiveRecord: 3.1ms)


Started GET "/tasks" for 127.0.0.1 at 2017-09-07 16:00:12 +0530
Processing by TasksController#index as HTML
  Rendering tasks/index.html.erb within layouts/application
  [1m[36mTask Load (0.6ms)[0m  [1m[34mSELECT "tasks".* FROM "tasks"[0m
  Rendered tasks/index.html.erb within layouts/application (49.9ms)
Completed 200 OK in 76ms (Views: 43.0ms | ActiveRecord: 28.9ms)


Started GET "/tasks" for 127.0.0.1 at 2017-09-07 16:00:15 +0530
Processing by TasksController#index as HTML
  Rendering tasks/index.html.erb within layouts/application
  [1m[36mTask Load (0.3ms)[0m  [1m[34mSELECT "tasks".* FROM "tasks"[0m
  Rendered tasks/index.html.erb within layouts/application (2.2ms)
Completed 200 OK in 19ms (Views: 16.3ms | ActiveRecord: 0.3ms)


Started GET "/tasks/new" for 127.0.0.1 at 2017-09-07 16:00:17 +0530
Processing by TasksController#new as HTML
  Rendering tasks/new.html.erb within layouts/application
  Rendered tasks/_form.html.erb (1.3ms)
  Rendered tasks/new.html.erb within layouts/application (3.5ms)
Completed 200 OK in 66ms (Views: 63.4ms | ActiveRecord: 0.0ms)


Started GET "/tasks/new" for 127.0.0.1 at 2017-09-07 16:02:43 +0530
Processing by TasksController#new as HTML
  Rendering tasks/new.html.erb within layouts/application
  Rendered tasks/_form.html.erb (2.6ms)
  Rendered tasks/new.html.erb within layouts/application (4.6ms)
Completed 200 OK in 25ms (Views: 22.9ms | ActiveRecord: 0.0ms)


Started POST "/tasks" for 127.0.0.1 at 2017-09-07 16:02:46 +0530
Processing by TasksController#create as HTML
  Parameters: {"utf8"=>"✓", "authenticity_token"=>"Nzu7AaXQDsaIl9jxOJ7rhVj21AteQc39846WT5Tj12UE6iW/rEvp+Nc98KGeyjRi0s46K7yfWAIg/eKX3EBSCg==", "commit"=>"Create Task"}
  [1m[35m (0.2ms)[0m  [1m[35mBEGIN[0m
  [1m[35mSQL (3.8ms)[0m  [1m[32mINSERT INTO "tasks" ("created_at", "updated_at") VALUES ($1, $2) RETURNING "id"[0m  [["created_at", "2017-09-07 10:32:46.220586"], ["updated_at", "2017-09-07 10:32:46.220586"]]
  [1m[35m (1.3ms)[0m  [1m[35mCOMMIT[0m
Redirected to http://localhost:3000/tasks/1
Completed 302 Found in 10ms (ActiveRecord: 5.3ms)


Started GET "/tasks/1" for 127.0.0.1 at 2017-09-07 16:02:46 +0530
Processing by TasksController#show as HTML
  Parameters: {"id"=>"1"}
  [1m[36mTask Load (0.4ms)[0m  [1m[34mSELECT  "tasks".* FROM "tasks" WHERE "tasks"."id" = $1 LIMIT $2[0m  [["id", 1], ["LIMIT", 1]]
  Rendering tasks/show.html.erb within layouts/application
  Rendered tasks/show.html.erb within layouts/application (0.8ms)
Completed 200 OK in 21ms (Views: 13.0ms | ActiveRecord: 0.6ms)


Started GET "/tasks" for 127.0.0.1 at 2017-09-07 16:02:49 +0530
Processing by TasksController#index as HTML
  Rendering tasks/index.html.erb within layouts/application
  [1m[36mTask Load (0.3ms)[0m  [1m[34mSELECT "tasks".* FROM "tasks"[0m
  Rendered tasks/index.html.erb within layouts/application (1.9ms)
Completed 200 OK in 28ms (Views: 23.8ms | ActiveRecord: 0.3ms)


Started DELETE "/tasks/1" for 127.0.0.1 at 2017-09-07 16:02:53 +0530
Processing by TasksController#destroy as HTML
  Parameters: {"authenticity_token"=>"0DYbSwYj3NXEdBwZlDvevZVNckbWrWyY38WjwSrY/F7j54X1D7g765veNEkybwFaH3WcZjRz+WcMttcZYnt5MQ==", "id"=>"1"}
  [1m[36mTask Load (0.4ms)[0m  [1m[34mSELECT  "tasks".* FROM "tasks" WHERE "tasks"."id" = $1 LIMIT $2[0m  [["id", 1], ["LIMIT", 1]]
  [1m[35m (0.5ms)[0m  [1m[35mBEGIN[0m
  [1m[35mSQL (1.6ms)[0m  [1m[31mDELETE FROM "tasks" WHERE "tasks"."id" = $1[0m  [["id", 1]]
  [1m[35m (1.0ms)[0m  [1m[35mCOMMIT[0m
Redirected to http://localhost:3000/tasks
Completed 302 Found in 11ms (ActiveRecord: 3.5ms)


Started GET "/tasks" for 127.0.0.1 at 2017-09-07 16:02:53 +0530
Processing by TasksController#index as HTML
  Rendering tasks/index.html.erb within layouts/application
  [1m[36mTask Load (0.2ms)[0m  [1m[34mSELECT "tasks".* FROM "tasks"[0m
  Rendered tasks/index.html.erb within layouts/application (1.6ms)
Completed 200 OK in 18ms (Views: 14.8ms | ActiveRecord: 0.2ms)


Started GET "/tasks/new" for 127.0.0.1 at 2017-09-07 16:03:09 +0530
Processing by TasksController#new as HTML
  Rendering tasks/new.html.erb within layouts/application
  Rendered tasks/_form.html.erb (1.3ms)
  Rendered tasks/new.html.erb within layouts/application (4.3ms)
Completed 200 OK in 37ms (Views: 34.2ms | ActiveRecord: 0.0ms)


Started GET "/tasks/new" for 127.0.0.1 at 2017-09-07 16:03:44 +0530
Processing by TasksController#new as HTML
  Rendering tasks/new.html.erb within layouts/application
  Rendered tasks/_form.html.erb (120.4ms)
  Rendered tasks/new.html.erb within layouts/application (122.6ms)
Completed 500 Internal Server Error in 129ms (ActiveRecord: 0.0ms)


  
ActionView::Template::Error (undefined method `input_field' for #<ActionView::Helpers::FormBuilder:0x007fe2819a5018>):
    10:       </ul>
    11:     </div>
    12:   <% end %>
    13:   <%= form.input_field :name %>
    14:   <%= form.text_field :description %>
    15: 
    16:   <div class="actions">
  
app/views/tasks/_form.html.erb:13:in `block in _app_views_tasks__form_html_erb__4291596479583359415_70305402908100'
app/views/tasks/_form.html.erb:1:in `_app_views_tasks__form_html_erb__4291596479583359415_70305402908100'
app/views/tasks/new.html.erb:3:in `_app_views_tasks_new_html_erb__1698829117726279239_70305427509600'
Started GET "/tasks/new" for 127.0.0.1 at 2017-09-07 16:04:05 +0530
Processing by TasksController#new as HTML
  Rendering tasks/new.html.erb within layouts/application
  Rendered tasks/_form.html.erb (10.4ms)
  Rendered tasks/new.html.erb within layouts/application (13.5ms)
Completed 200 OK in 32ms (Views: 30.2ms | ActiveRecord: 0.0ms)


Started GET "/tasks/new" for 127.0.0.1 at 2017-09-07 16:05:19 +0530
Processing by TasksController#new as HTML
  Rendering tasks/new.html.erb within layouts/application
  Rendered tasks/_form.html.erb (4.6ms)
  Rendered tasks/new.html.erb within layouts/application (7.5ms)
Completed 200 OK in 25ms (Views: 22.7ms | ActiveRecord: 0.0ms)


Started POST "/tasks" for 127.0.0.1 at 2017-09-07 16:05:39 +0530
Processing by TasksController#create as HTML
  Parameters: {"utf8"=>"✓", "authenticity_token"=>"5drTY5nTSsJNXu5BVQF0d1xuJu9vSIrGz1ygbAdmCDPWC03dkEit/BL0xhHzVauQ1lbIz42WHzkcL9S0T8WNXA==", "task"=>{"name"=>"test", "description"=>"desc"}, "commit"=>"Create Task"}
Completed 500 Internal Server Error in 2ms (ActiveRecord: 0.0ms)


  
ActiveModel::ForbiddenAttributesError (ActiveModel::ForbiddenAttributesError):
  
app/controllers/tasks_controller.rb:32:in `create'
Started POST "/tasks" for 127.0.0.1 at 2017-09-07 16:06:58 +0530
Processing by TasksController#create as HTML
  Parameters: {"utf8"=>"✓", "authenticity_token"=>"5drTY5nTSsJNXu5BVQF0d1xuJu9vSIrGz1ygbAdmCDPWC03dkEit/BL0xhHzVauQ1lbIz42WHzkcL9S0T8WNXA==", "task"=>{"name"=>"test", "description"=>"desc"}, "commit"=>"Create Task"}
Completed 500 Internal Server Error in 33ms (ActiveRecord: 15.8ms)


  
ActiveModel::ForbiddenAttributesError (ActiveModel::ForbiddenAttributesError):
  
app/controllers/tasks_controller.rb:34:in `create'
Started POST "/tasks" for 127.0.0.1 at 2017-09-07 16:07:25 +0530
Processing by TasksController#create as HTML
  Parameters: {"utf8"=>"✓", "authenticity_token"=>"5drTY5nTSsJNXu5BVQF0d1xuJu9vSIrGz1ygbAdmCDPWC03dkEit/BL0xhHzVauQ1lbIz42WHzkcL9S0T8WNXA==", "task"=>{"name"=>"test", "description"=>"desc"}, "commit"=>"Create Task"}
Completed 500 Internal Server Error in 1ms (ActiveRecord: 0.0ms)


  
ActiveModel::ForbiddenAttributesError (ActiveModel::ForbiddenAttributesError):
  
app/controllers/tasks_controller.rb:34:in `create'
Started POST "/tasks" for 127.0.0.1 at 2017-09-07 16:14:29 +0530
Processing by TasksController#create as HTML
  Parameters: {"utf8"=>"✓", "authenticity_token"=>"5drTY5nTSsJNXu5BVQF0d1xuJu9vSIrGz1ygbAdmCDPWC03dkEit/BL0xhHzVauQ1lbIz42WHzkcL9S0T8WNXA==", "task"=>{"name"=>"test", "description"=>"desc"}, "commit"=>"Create Task"}
  [1m[35m (1.5ms)[0m  [1m[35mBEGIN[0m
  [1m[35mSQL (1.0ms)[0m  [1m[32mINSERT INTO "tasks" ("name", "description", "created_at", "updated_at") VALUES ($1, $2, $3, $4) RETURNING "id"[0m  [["name", "test"], ["description", "desc"], ["created_at", "2017-09-07 10:44:29.819733"], ["updated_at", "2017-09-07 10:44:29.819733"]]
  [1m[35m (0.5ms)[0m  [1m[35mCOMMIT[0m
Redirected to http://localhost:3000/tasks/2
Completed 302 Found in 25ms (ActiveRecord: 2.9ms)


Started GET "/tasks/2" for 127.0.0.1 at 2017-09-07 16:14:29 +0530
Processing by TasksController#show as HTML
  Parameters: {"id"=>"2"}
  [1m[36mTask Load (0.3ms)[0m  [1m[34mSELECT  "tasks".* FROM "tasks" WHERE "tasks"."id" = $1 LIMIT $2[0m  [["id", 2], ["LIMIT", 1]]
  Rendering tasks/show.html.erb within layouts/application
  Rendered tasks/show.html.erb within layouts/application (1.0ms)
Completed 200 OK in 33ms (Views: 27.9ms | ActiveRecord: 0.5ms)


Started GET "/tasks" for 127.0.0.1 at 2017-09-07 16:14:33 +0530
Processing by TasksController#index as HTML
  Rendering tasks/index.html.erb within layouts/application
  [1m[36mTask Load (0.4ms)[0m  [1m[34mSELECT "tasks".* FROM "tasks"[0m
  Rendered tasks/index.html.erb within layouts/application (3.3ms)
Completed 200 OK in 41ms (Views: 36.6ms | ActiveRecord: 0.4ms)


Started GET "/tasks/new" for 127.0.0.1 at 2017-09-07 16:14:35 +0530
Processing by TasksController#new as HTML
  Rendering tasks/new.html.erb within layouts/application
  Rendered tasks/_form.html.erb (2.6ms)
  Rendered tasks/new.html.erb within layouts/application (5.2ms)
Completed 200 OK in 37ms (Views: 33.2ms | ActiveRecord: 0.0ms)


Started GET "/tasks" for 127.0.0.1 at 2017-09-07 16:14:40 +0530
Processing by TasksController#index as HTML
  Rendering tasks/index.html.erb within layouts/application
  [1m[36mTask Load (0.2ms)[0m  [1m[34mSELECT "tasks".* FROM "tasks"[0m
  Rendered tasks/index.html.erb within layouts/application (2.3ms)
Completed 200 OK in 21ms (Views: 18.7ms | ActiveRecord: 0.2ms)


Started GET "/tasks" for 127.0.0.1 at 2017-09-07 16:15:42 +0530
Processing by TasksController#index as HTML
  Rendering tasks/index.html.erb within layouts/application
  [1m[36mTask Load (0.5ms)[0m  [1m[34mSELECT "tasks".* FROM "tasks"[0m
  Rendered tasks/index.html.erb within layouts/application (4.6ms)
Completed 200 OK in 28ms (Views: 24.8ms | ActiveRecord: 0.5ms)


Started GET "/tasks" for 127.0.0.1 at 2017-09-07 16:21:01 +0530
  [1m[35m (1.2ms)[0m  [1m[34mSELECT "schema_migrations"."version" FROM "schema_migrations" ORDER BY "schema_migrations"."version" ASC[0m
Processing by TasksController#index as HTML
  Rendering tasks/index.html.erb within layouts/application
  [1m[36mTask Load (0.5ms)[0m  [1m[34mSELECT "tasks".* FROM "tasks"[0m
  Rendered tasks/index.html.erb within layouts/application (19.4ms)
Completed 500 Internal Server Error in 736ms (ActiveRecord: 6.6ms)


  
ActionView::Template::Error (The asset "apple-touch-icon-144x144-precomposed.png" is not present in the asset pipeline.):
    11: 
    12:     <!-- For third-generation iPad with high-resolution Retina display: -->
    13:     <!-- Size should be 144 x 144 pixels -->
    14:     <%= favicon_link_tag 'apple-touch-icon-144x144-precomposed.png', :rel => 'apple-touch-icon-precomposed', :type => 'image/png', :sizes => '144x144' %>
    15: 
    16:     <!-- For iPhone with high-resolution Retina display: -->
    17:     <!-- Size should be 114 x 114 pixels -->
  
app/views/layouts/application.html.erb:14:in `_app_views_layouts_application_html_erb___1311888968817104960_70251612019180'
Started GET "/tasks" for 127.0.0.1 at 2017-09-07 16:21:39 +0530
Processing by TasksController#index as HTML
  Rendering tasks/index.html.erb within layouts/application
  [1m[36mTask Load (0.5ms)[0m  [1m[34mSELECT "tasks".* FROM "tasks"[0m
  Rendered tasks/index.html.erb within layouts/application (19.4ms)
Completed 200 OK in 68ms (Views: 57.6ms | ActiveRecord: 8.6ms)


Started GET "/tasks" for 127.0.0.1 at 2017-09-07 16:22:04 +0530
Processing by TasksController#index as HTML
  Rendering tasks/index.html.erb within layouts/application
  [1m[36mTask Load (0.7ms)[0m  [1m[34mSELECT "tasks".* FROM "tasks"[0m
  Rendered tasks/index.html.erb within layouts/application (5.2ms)
Completed 200 OK in 46ms (Views: 43.8ms | ActiveRecord: 0.7ms)


Started GET "/tasks" for 127.0.0.1 at 2017-09-07 16:22:45 +0530
Processing by TasksController#index as HTML
  Rendering tasks/index.html.erb within layouts/application
  [1m[36mTask Load (0.3ms)[0m  [1m[34mSELECT "tasks".* FROM "tasks"[0m
  Rendered tasks/index.html.erb within layouts/application (3.1ms)
Completed 200 OK in 34ms (Views: 31.1ms | ActiveRecord: 0.3ms)


Started GET "/tasks" for 127.0.0.1 at 2017-09-07 16:24:32 +0530
  [1m[35m (0.5ms)[0m  [1m[34mSELECT "schema_migrations"."version" FROM "schema_migrations" ORDER BY "schema_migrations"."version" ASC[0m
Processing by TasksController#index as HTML
  Rendering tasks/index.html.erb within layouts/application
  [1m[36mTask Load (0.5ms)[0m  [1m[34mSELECT "tasks".* FROM "tasks"[0m
  Rendered tasks/index.html.erb within layouts/application (19.6ms)
Completed 500 Internal Server Error in 191ms (ActiveRecord: 4.6ms)


  
ActionView::Template::Error (couldn't find file 'jquery' with type 'application/javascript'
Checked in these paths: 
  /Users/devsree/Desktop/my_projects/task_manager/app/assets/config
  /Users/devsree/Desktop/my_projects/task_manager/app/assets/images
  /Users/devsree/Desktop/my_projects/task_manager/app/assets/javascripts
  /Users/devsree/Desktop/my_projects/task_manager/app/assets/stylesheets
  /Users/devsree/.rvm/gems/ruby-2.4.0@task/bundler/gems/twitter-bootstrap-rails-c236286b7d6e/app/assets/fonts
  /Users/devsree/.rvm/gems/ruby-2.4.0@task/bundler/gems/twitter-bootstrap-rails-c236286b7d6e/app/assets/javascripts
  /Users/devsree/.rvm/gems/ruby-2.4.0@task/bundler/gems/twitter-bootstrap-rails-c236286b7d6e/app/assets/stylesheets
  /Users/devsree/.rvm/gems/ruby-2.4.0@task/bundler/gems/twitter-bootstrap-rails-c236286b7d6e/vendor/assets/stylesheets
  /Users/devsree/.rvm/gems/ruby-2.4.0@task/gems/coffee-rails-4.2.2/lib/assets/javascripts
  /Users/devsree/.rvm/gems/ruby-2.4.0@task/gems/actioncable-5.1.3/lib/assets/compiled
  /Users/devsree/.rvm/gems/ruby-2.4.0@task/gems/actionview-5.1.3/lib/assets/compiled
  /Users/devsree/.rvm/gems/ruby-2.4.0@task/gems/turbolinks-source-5.0.3/lib/assets/javascripts
  /Users/devsree/Desktop/my_projects/task_manager/node_modules):
     7:     <title><%= content_for?(:title) ? yield(:title) : "Task Manager" %></title>
     8:     <%= csrf_meta_tags %>
     9: 
    10:     <%= stylesheet_link_tag "application", :media => "all" %>
    11:     <%= javascript_include_tag "application" %>
    12: 
    13:     <!-- Le HTML5 shim, for IE6-8 support of HTML elements -->
  
app/assets/javascripts/application.js:14
app/views/layouts/application.html.erb:10:in `_app_views_layouts_application_html_erb__3688365181065827245_70230530118460'
Started GET "/tasks" for 127.0.0.1 at 2017-09-07 16:25:19 +0530
  [1m[35m (2.0ms)[0m  [1m[34mSELECT "schema_migrations"."version" FROM "schema_migrations" ORDER BY "schema_migrations"."version" ASC[0m
Processing by TasksController#index as HTML
  Rendering tasks/index.html.erb within layouts/application
  [1m[36mTask Load (0.4ms)[0m  [1m[34mSELECT "tasks".* FROM "tasks"[0m
  Rendered tasks/index.html.erb within layouts/application (12.7ms)
Completed 200 OK in 371ms (Views: 352.2ms | ActiveRecord: 4.4ms)


Started GET "/tasks/new" for 127.0.0.1 at 2017-09-07 16:27:58 +0530
Processing by TasksController#new as HTML
  Rendering tasks/new.html.erb within layouts/application
  Rendered tasks/_form.html.erb (30.9ms)
  Rendered tasks/new.html.erb within layouts/application (35.1ms)
Completed 200 OK in 78ms (Views: 75.1ms | ActiveRecord: 0.0ms)


Started GET "/tasks/new" for 127.0.0.1 at 2017-09-07 16:27:59 +0530
Processing by TasksController#new as HTML
  Rendering tasks/new.html.erb within layouts/application
  Rendered tasks/_form.html.erb (3.2ms)
  Rendered tasks/new.html.erb within layouts/application (5.8ms)
Completed 200 OK in 41ms (Views: 38.7ms | ActiveRecord: 0.0ms)


Started GET "/tasks" for 127.0.0.1 at 2017-09-07 16:28:02 +0530
Processing by TasksController#index as HTML
  Rendering tasks/index.html.erb within layouts/application
  [1m[36mTask Load (0.4ms)[0m  [1m[34mSELECT "tasks".* FROM "tasks"[0m
  Rendered tasks/index.html.erb within layouts/application (2.5ms)
Completed 200 OK in 40ms (Views: 36.6ms | ActiveRecord: 0.4ms)


Started GET "/tasks/2" for 127.0.0.1 at 2017-09-07 16:28:03 +0530
Processing by TasksController#show as HTML
  Parameters: {"id"=>"2"}
  [1m[36mTask Load (0.3ms)[0m  [1m[34mSELECT  "tasks".* FROM "tasks" WHERE "tasks"."id" = $1 LIMIT $2[0m  [["id", 2], ["LIMIT", 1]]
  Rendering tasks/show.html.erb within layouts/application
  Rendered tasks/show.html.erb within layouts/application (0.9ms)
Completed 200 OK in 59ms (Views: 46.7ms | ActiveRecord: 4.9ms)


Started GET "/tasks" for 127.0.0.1 at 2017-09-07 16:28:05 +0530
Processing by TasksController#index as HTML
  Rendering tasks/index.html.erb within layouts/application
  [1m[36mTask Load (0.3ms)[0m  [1m[34mSELECT "tasks".* FROM "tasks"[0m
  Rendered tasks/index.html.erb within layouts/application (2.8ms)
Completed 200 OK in 46ms (Views: 42.7ms | ActiveRecord: 0.3ms)


Started GET "/tasks/2/edit" for 127.0.0.1 at 2017-09-07 16:28:07 +0530
Processing by TasksController#edit as HTML
  Parameters: {"id"=>"2"}
  [1m[36mTask Load (0.2ms)[0m  [1m[34mSELECT  "tasks".* FROM "tasks" WHERE "tasks"."id" = $1 LIMIT $2[0m  [["id", 2], ["LIMIT", 1]]
  Rendering tasks/edit.html.erb within layouts/application
  Rendered tasks/_form.html.erb (4.1ms)
  Rendered tasks/edit.html.erb within layouts/application (7.4ms)
Completed 200 OK in 61ms (Views: 56.6ms | ActiveRecord: 0.2ms)


Started GET "/tasks" for 127.0.0.1 at 2017-09-07 16:29:47 +0530
Processing by TasksController#index as HTML
  Rendering tasks/index.html.erb within layouts/application
  [1m[36mTask Load (0.4ms)[0m  [1m[34mSELECT "tasks".* FROM "tasks"[0m
  Rendered tasks/index.html.erb within layouts/application (3.5ms)
Completed 200 OK in 82ms (Views: 77.4ms | ActiveRecord: 0.4ms)


Started GET "/tasks" for 127.0.0.1 at 2017-09-07 16:29:49 +0530
Processing by TasksController#index as HTML
  Rendering tasks/index.html.erb within layouts/application
  [1m[36mTask Load (0.2ms)[0m  [1m[34mSELECT "tasks".* FROM "tasks"[0m
  Rendered tasks/index.html.erb within layouts/application (2.5ms)
Completed 200 OK in 33ms (Views: 29.8ms | ActiveRecord: 0.2ms)


Started GET "/tasks" for 127.0.0.1 at 2017-09-07 16:30:55 +0530
Processing by TasksController#index as HTML
  Rendering tasks/index.html.erb within layouts/application
  [1m[36mTask Load (0.4ms)[0m  [1m[34mSELECT "tasks".* FROM "tasks"[0m
  Rendered tasks/index.html.erb within layouts/application (3.2ms)
Completed 200 OK in 43ms (Views: 39.1ms | ActiveRecord: 0.4ms)


Started GET "/tasks" for 127.0.0.1 at 2017-09-07 16:31:59 +0530
Processing by TasksController#index as HTML
  Rendering tasks/index.html.erb within layouts/application
  [1m[36mTask Load (0.4ms)[0m  [1m[34mSELECT "tasks".* FROM "tasks"[0m
  Rendered tasks/index.html.erb within layouts/application (2.9ms)
Completed 200 OK in 39ms (Views: 36.5ms | ActiveRecord: 0.4ms)


Started GET "/tasks/2" for 127.0.0.1 at 2017-09-07 16:32:12 +0530
Processing by TasksController#show as HTML
  Parameters: {"id"=>"2"}
  [1m[36mTask Load (0.3ms)[0m  [1m[34mSELECT  "tasks".* FROM "tasks" WHERE "tasks"."id" = $1 LIMIT $2[0m  [["id", 2], ["LIMIT", 1]]
  Rendering tasks/show.html.erb within layouts/application
  Rendered tasks/show.html.erb within layouts/application (0.7ms)
Completed 200 OK in 49ms (Views: 44.3ms | ActiveRecord: 0.3ms)


Started GET "/tasks/2" for 127.0.0.1 at 2017-09-07 16:36:59 +0530
Processing by TasksController#show as HTML
  Parameters: {"id"=>"2"}
  [1m[36mTask Load (0.2ms)[0m  [1m[34mSELECT  "tasks".* FROM "tasks" WHERE "tasks"."id" = $1 LIMIT $2[0m  [["id", 2], ["LIMIT", 1]]
  Rendering tasks/show.html.erb within layouts/application
  Rendered tasks/show.html.erb within layouts/application (225.6ms)
Completed 500 Internal Server Error in 235ms (ActiveRecord: 0.2ms)


  
ActionView::Template::Error (undefined local variable or method `task' for #<#<Class:0x007fc88311a0f0>:0x007fc8856a9b90>
Did you mean?  @task):
     8:         Name
     9:       </td>
    10:       <td>
    11:         <%= task.name %>
    12:       </td>
    13:     </tr>
    14:     <tr>
  
app/views/tasks/show.html.erb:11:in `_app_views_tasks_show_html_erb__157194097521031672_70249604272820'
Started GET "/tasks/2" for 127.0.0.1 at 2017-09-07 16:37:15 +0530
Processing by TasksController#show as HTML
  Parameters: {"id"=>"2"}
  [1m[36mTask Load (0.6ms)[0m  [1m[34mSELECT  "tasks".* FROM "tasks" WHERE "tasks"."id" = $1 LIMIT $2[0m  [["id", 2], ["LIMIT", 1]]
  Rendering tasks/show.html.erb within layouts/application
  Rendered tasks/show.html.erb within layouts/application (1.2ms)
Completed 200 OK in 47ms (Views: 40.1ms | ActiveRecord: 0.6ms)


Started GET "/tasks/2/edit" for 127.0.0.1 at 2017-09-07 16:37:22 +0530
Processing by TasksController#edit as HTML
  Parameters: {"id"=>"2"}
  [1m[36mTask Load (0.2ms)[0m  [1m[34mSELECT  "tasks".* FROM "tasks" WHERE "tasks"."id" = $1 LIMIT $2[0m  [["id", 2], ["LIMIT", 1]]
  Rendering tasks/edit.html.erb within layouts/application
  Rendered tasks/_form.html.erb (2.3ms)
  Rendered tasks/edit.html.erb within layouts/application (5.0ms)
Completed 200 OK in 84ms (Views: 78.0ms | ActiveRecord: 0.2ms)


Started GET "/tasks/2/edit" for 127.0.0.1 at 2017-09-07 16:40:56 +0530
Processing by TasksController#edit as HTML
  Parameters: {"id"=>"2"}
  [1m[36mTask Load (0.6ms)[0m  [1m[34mSELECT  "tasks".* FROM "tasks" WHERE "tasks"."id" = $1 LIMIT $2[0m  [["id", 2], ["LIMIT", 1]]
  Rendering tasks/edit.html.erb within layouts/application
  Rendered tasks/_form.html.erb (1.8ms)
  Rendered tasks/edit.html.erb within layouts/application (4.1ms)
Completed 200 OK in 41ms (Views: 36.4ms | ActiveRecord: 0.6ms)


Started GET "/tasks/2/edit" for 127.0.0.1 at 2017-09-07 16:41:47 +0530
Processing by TasksController#edit as HTML
  Parameters: {"id"=>"2"}
  [1m[36mTask Load (0.3ms)[0m  [1m[34mSELECT  "tasks".* FROM "tasks" WHERE "tasks"."id" = $1 LIMIT $2[0m  [["id", 2], ["LIMIT", 1]]
  Rendering tasks/edit.html.erb within layouts/application
  Rendered tasks/_form.html.erb (1.8ms)
  Rendered tasks/edit.html.erb within layouts/application (3.8ms)
Completed 200 OK in 39ms (Views: 34.6ms | ActiveRecord: 0.3ms)


Started GET "/tasks/2/edit" for 127.0.0.1 at 2017-09-07 16:41:57 +0530
Processing by TasksController#edit as HTML
  Parameters: {"id"=>"2"}
  [1m[36mTask Load (0.2ms)[0m  [1m[34mSELECT  "tasks".* FROM "tasks" WHERE "tasks"."id" = $1 LIMIT $2[0m  [["id", 2], ["LIMIT", 1]]
  Rendering tasks/edit.html.erb within layouts/application
  Rendered tasks/_form.html.erb (1.7ms)
  Rendered tasks/edit.html.erb within layouts/application (3.8ms)
Completed 200 OK in 45ms (Views: 41.9ms | ActiveRecord: 0.2ms)


Started PATCH "/tasks/2" for 127.0.0.1 at 2017-09-07 16:42:02 +0530
Processing by TasksController#update as HTML
  Parameters: {"utf8"=>"✓", "authenticity_token"=>"XqgBCue4YI1iEzWxUKPik4Hg5U45YLoknXzazuNKD45teZ+07iOHsz25HeH29z10C9gLbtu+L9tOD64Wq+mK4Q==", "task"=>{"name"=>"test", "description"=>"desc23"}, "commit"=>"Update Task", "id"=>"2"}
  [1m[36mTask Load (0.3ms)[0m  [1m[34mSELECT  "tasks".* FROM "tasks" WHERE "tasks"."id" = $1 LIMIT $2[0m  [["id", 2], ["LIMIT", 1]]
  [1m[35m (0.1ms)[0m  [1m[35mBEGIN[0m
  [1m[35mSQL (0.8ms)[0m  [1m[33mUPDATE "tasks" SET "description" = $1, "updated_at" = $2 WHERE "tasks"."id" = $3[0m  [["description", "desc23"], ["updated_at", "2017-09-07 11:12:02.027099"], ["id", 2]]
  [1m[35m (5.1ms)[0m  [1m[35mCOMMIT[0m
Redirected to http://localhost:3000/tasks/2
Completed 302 Found in 13ms (ActiveRecord: 6.3ms)


Started GET "/tasks/2" for 127.0.0.1 at 2017-09-07 16:42:02 +0530
Processing by TasksController#show as HTML
  Parameters: {"id"=>"2"}
  [1m[36mTask Load (0.2ms)[0m  [1m[34mSELECT  "tasks".* FROM "tasks" WHERE "tasks"."id" = $1 LIMIT $2[0m  [["id", 2], ["LIMIT", 1]]
  Rendering tasks/show.html.erb within layouts/application
  Rendered tasks/show.html.erb within layouts/application (1.0ms)
Completed 200 OK in 32ms (Views: 25.2ms | ActiveRecord: 0.2ms)


Started PATCH "/tasks/2" for 127.0.0.1 at 2017-09-07 16:42:33 +0530
Processing by TasksController#update as HTML
  Parameters: {"utf8"=>"✓", "authenticity_token"=>"XqgBCue4YI1iEzWxUKPik4Hg5U45YLoknXzazuNKD45teZ+07iOHsz25HeH29z10C9gLbtu+L9tOD64Wq+mK4Q==", "task"=>{"name"=>"test", "description"=>"desc12"}, "commit"=>"Update Task", "id"=>"2"}
  [1m[36mTask Load (0.2ms)[0m  [1m[34mSELECT  "tasks".* FROM "tasks" WHERE "tasks"."id" = $1 LIMIT $2[0m  [["id", 2], ["LIMIT", 1]]
  [1m[35m (0.2ms)[0m  [1m[35mBEGIN[0m
  [1m[35mSQL (0.5ms)[0m  [1m[33mUPDATE "tasks" SET "description" = $1, "updated_at" = $2 WHERE "tasks"."id" = $3[0m  [["description", "desc12"], ["updated_at", "2017-09-07 11:12:33.793799"], ["id", 2]]
  [1m[35m (0.4ms)[0m  [1m[35mCOMMIT[0m
Redirected to http://localhost:3000/tasks/2
Completed 302 Found in 6ms (ActiveRecord: 1.3ms)


Started GET "/tasks/2" for 127.0.0.1 at 2017-09-07 16:42:33 +0530
Processing by TasksController#show as HTML
  Parameters: {"id"=>"2"}
  [1m[36mTask Load (0.1ms)[0m  [1m[34mSELECT  "tasks".* FROM "tasks" WHERE "tasks"."id" = $1 LIMIT $2[0m  [["id", 2], ["LIMIT", 1]]
  Rendering tasks/show.html.erb within layouts/application
  Rendered tasks/show.html.erb within layouts/application (1.3ms)
Completed 200 OK in 27ms (Views: 24.1ms | ActiveRecord: 0.1ms)


Started GET "/tasks/2" for 127.0.0.1 at 2017-09-07 16:42:37 +0530
Processing by TasksController#show as HTML
  Parameters: {"id"=>"2"}
  [1m[36mTask Load (0.2ms)[0m  [1m[34mSELECT  "tasks".* FROM "tasks" WHERE "tasks"."id" = $1 LIMIT $2[0m  [["id", 2], ["LIMIT", 1]]
  Rendering tasks/show.html.erb within layouts/application
  Rendered tasks/show.html.erb within layouts/application (1.2ms)
Completed 200 OK in 31ms (Views: 27.9ms | ActiveRecord: 0.2ms)


Started GET "/tasks/2/edit" for 127.0.0.1 at 2017-09-07 16:42:39 +0530
Processing by TasksController#edit as HTML
  Parameters: {"id"=>"2"}
  [1m[36mTask Load (0.2ms)[0m  [1m[34mSELECT  "tasks".* FROM "tasks" WHERE "tasks"."id" = $1 LIMIT $2[0m  [["id", 2], ["LIMIT", 1]]
  Rendering tasks/edit.html.erb within layouts/application
  Rendered tasks/_form.html.erb (1.4ms)
  Rendered tasks/edit.html.erb within layouts/application (3.7ms)
Completed 200 OK in 42ms (Views: 39.5ms | ActiveRecord: 0.2ms)


Started PATCH "/tasks/2" for 127.0.0.1 at 2017-09-07 16:42:42 +0530
Processing by TasksController#update as HTML
  Parameters: {"utf8"=>"✓", "authenticity_token"=>"nj3p+NMEUR8TtzFxVx9tULjVDEBYTg8Kg1JRrPkOG9tPo8LMnmcToPWoPWOjITLBmfOBTC1X8c3lFAMm/5ppOg==", "task"=>{"name"=>"test", "description"=>"desc123"}, "commit"=>"Update Task", "id"=>"2"}
  [1m[36mTask Load (0.3ms)[0m  [1m[34mSELECT  "tasks".* FROM "tasks" WHERE "tasks"."id" = $1 LIMIT $2[0m  [["id", 2], ["LIMIT", 1]]
  [1m[35m (0.4ms)[0m  [1m[35mBEGIN[0m
  [1m[35mSQL (1.2ms)[0m  [1m[33mUPDATE "tasks" SET "description" = $1, "updated_at" = $2 WHERE "tasks"."id" = $3[0m  [["description", "desc123"], ["updated_at", "2017-09-07 11:12:42.980868"], ["id", 2]]
  [1m[35m (0.5ms)[0m  [1m[35mCOMMIT[0m
Redirected to http://localhost:3000/tasks/2
Completed 302 Found in 9ms (ActiveRecord: 2.4ms)


Started GET "/tasks/2" for 127.0.0.1 at 2017-09-07 16:42:42 +0530
Processing by TasksController#show as HTML
  Parameters: {"id"=>"2"}
  [1m[36mTask Load (0.3ms)[0m  [1m[34mSELECT  "tasks".* FROM "tasks" WHERE "tasks"."id" = $1 LIMIT $2[0m  [["id", 2], ["LIMIT", 1]]
  Rendering tasks/show.html.erb within layouts/application
  Rendered tasks/show.html.erb within layouts/application (0.9ms)
Completed 200 OK in 27ms (Views: 23.9ms | ActiveRecord: 0.3ms)


Started GET "/tasks/2" for 127.0.0.1 at 2017-09-07 16:43:36 +0530
Processing by TasksController#show as HTML
  Parameters: {"id"=>"2"}
  [1m[36mTask Load (0.2ms)[0m  [1m[34mSELECT  "tasks".* FROM "tasks" WHERE "tasks"."id" = $1 LIMIT $2[0m  [["id", 2], ["LIMIT", 1]]
  Rendering tasks/show.html.erb within layouts/application
  Rendered tasks/show.html.erb within layouts/application (0.8ms)
Completed 200 OK in 22ms (Views: 19.3ms | ActiveRecord: 0.2ms)


Started GET "/tasks/2/edit" for 127.0.0.1 at 2017-09-07 16:43:40 +0530
Processing by TasksController#edit as HTML
  Parameters: {"id"=>"2"}
  [1m[36mTask Load (0.2ms)[0m  [1m[34mSELECT  "tasks".* FROM "tasks" WHERE "tasks"."id" = $1 LIMIT $2[0m  [["id", 2], ["LIMIT", 1]]
  Rendering tasks/edit.html.erb within layouts/application
  Rendered tasks/_form.html.erb (1.4ms)
  Rendered tasks/edit.html.erb within layouts/application (3.5ms)
Completed 200 OK in 44ms (Views: 41.4ms | ActiveRecord: 0.2ms)


Started PATCH "/tasks/2" for 127.0.0.1 at 2017-09-07 16:43:43 +0530
Processing by TasksController#update as HTML
  Parameters: {"utf8"=>"✓", "authenticity_token"=>"vdH3RZJRnNnTksEiAKt4XREJOERvPYRKBAZUNvgO8m5sT9xx3zLeZjWNzTD0lSfMMC+1SBokeo1iQAa8/pqAjw==", "task"=>{"name"=>"test", "description"=>"desc12323"}, "commit"=>"Update Task", "id"=>"2"}
  [1m[36mTask Load (0.2ms)[0m  [1m[34mSELECT  "tasks".* FROM "tasks" WHERE "tasks"."id" = $1 LIMIT $2[0m  [["id", 2], ["LIMIT", 1]]
  [1m[35m (0.2ms)[0m  [1m[35mBEGIN[0m
  [1m[35mSQL (0.5ms)[0m  [1m[33mUPDATE "tasks" SET "description" = $1, "updated_at" = $2 WHERE "tasks"."id" = $3[0m  [["description", "desc12323"], ["updated_at", "2017-09-07 11:13:43.239112"], ["id", 2]]
  [1m[35m (2.0ms)[0m  [1m[35mCOMMIT[0m
Redirected to http://localhost:3000/tasks/2
Completed 302 Found in 8ms (ActiveRecord: 2.9ms)


Started GET "/tasks/2" for 127.0.0.1 at 2017-09-07 16:43:43 +0530
Processing by TasksController#show as HTML
  Parameters: {"id"=>"2"}
  [1m[36mTask Load (0.2ms)[0m  [1m[34mSELECT  "tasks".* FROM "tasks" WHERE "tasks"."id" = $1 LIMIT $2[0m  [["id", 2], ["LIMIT", 1]]
  Rendering tasks/show.html.erb within layouts/application
  Rendered tasks/show.html.erb within layouts/application (0.8ms)
Completed 200 OK in 26ms (Views: 23.1ms | ActiveRecord: 0.2ms)


Started GET "/tasks/2" for 127.0.0.1 at 2017-09-07 16:44:04 +0530
Processing by TasksController#show as HTML
  Parameters: {"id"=>"2"}
  [1m[36mTask Load (0.2ms)[0m  [1m[34mSELECT  "tasks".* FROM "tasks" WHERE "tasks"."id" = $1 LIMIT $2[0m  [["id", 2], ["LIMIT", 1]]
  Rendering tasks/show.html.erb within layouts/application
  Rendered tasks/show.html.erb within layouts/application (1.6ms)
Completed 200 OK in 28ms (Views: 25.3ms | ActiveRecord: 0.2ms)


Started GET "/tasks/2/edit" for 127.0.0.1 at 2017-09-07 16:44:07 +0530
Processing by TasksController#edit as HTML
  Parameters: {"id"=>"2"}
  [1m[36mTask Load (0.2ms)[0m  [1m[34mSELECT  "tasks".* FROM "tasks" WHERE "tasks"."id" = $1 LIMIT $2[0m  [["id", 2], ["LIMIT", 1]]
  Rendering tasks/edit.html.erb within layouts/application
  Rendered tasks/_form.html.erb (1.5ms)
  Rendered tasks/edit.html.erb within layouts/application (3.9ms)
Completed 200 OK in 63ms (Views: 60.3ms | ActiveRecord: 0.2ms)


Started PATCH "/tasks/2" for 127.0.0.1 at 2017-09-07 16:44:11 +0530
Processing by TasksController#update as HTML
  Parameters: {"utf8"=>"✓", "authenticity_token"=>"Um+GHbKWxq1hqdoxzUitDBoyKEEcftOsZhGDZ01GHxiD8a0p//WEEoe21iM5dvKdOxSlTWlnLWsAV9HtS9Jt+Q==", "task"=>{"name"=>"test23131", "description"=>"desc12323"}, "commit"=>"Update Task", "id"=>"2"}
  [1m[36mTask Load (0.2ms)[0m  [1m[34mSELECT  "tasks".* FROM "tasks" WHERE "tasks"."id" = $1 LIMIT $2[0m  [["id", 2], ["LIMIT", 1]]
  [1m[35m (0.2ms)[0m  [1m[35mBEGIN[0m
  [1m[35mSQL (0.5ms)[0m  [1m[33mUPDATE "tasks" SET "name" = $1, "updated_at" = $2 WHERE "tasks"."id" = $3[0m  [["name", "test23131"], ["updated_at", "2017-09-07 11:14:11.090909"], ["id", 2]]
  [1m[35m (0.8ms)[0m  [1m[35mCOMMIT[0m
Redirected to http://localhost:3000/tasks/2
Completed 302 Found in 7ms (ActiveRecord: 1.7ms)


Started GET "/tasks/2" for 127.0.0.1 at 2017-09-07 16:44:11 +0530
Processing by TasksController#show as HTML
  Parameters: {"id"=>"2"}
  [1m[36mTask Load (0.2ms)[0m  [1m[34mSELECT  "tasks".* FROM "tasks" WHERE "tasks"."id" = $1 LIMIT $2[0m  [["id", 2], ["LIMIT", 1]]
  Rendering tasks/show.html.erb within layouts/application
  Rendered tasks/show.html.erb within layouts/application (1.0ms)
Completed 200 OK in 30ms (Views: 26.9ms | ActiveRecord: 0.2ms)


Started GET "/tasks/2/edit" for 127.0.0.1 at 2017-09-07 16:44:17 +0530
Processing by TasksController#edit as HTML
  Parameters: {"id"=>"2"}
  [1m[36mTask Load (0.2ms)[0m  [1m[34mSELECT  "tasks".* FROM "tasks" WHERE "tasks"."id" = $1 LIMIT $2[0m  [["id", 2], ["LIMIT", 1]]
  Rendering tasks/edit.html.erb within layouts/application
  Rendered tasks/_form.html.erb (1.5ms)
  Rendered tasks/edit.html.erb within layouts/application (3.6ms)
Completed 200 OK in 56ms (Views: 53.1ms | ActiveRecord: 0.2ms)


Started GET "/tasks/2" for 127.0.0.1 at 2017-09-07 16:44:18 +0530
Processing by TasksController#show as HTML
  Parameters: {"id"=>"2"}
  [1m[36mTask Load (0.4ms)[0m  [1m[34mSELECT  "tasks".* FROM "tasks" WHERE "tasks"."id" = $1 LIMIT $2[0m  [["id", 2], ["LIMIT", 1]]
  Rendering tasks/show.html.erb within layouts/application
  Rendered tasks/show.html.erb within layouts/application (1.2ms)
Completed 200 OK in 100ms (Views: 96.3ms | ActiveRecord: 0.4ms)


Started GET "/tasks" for 127.0.0.1 at 2017-09-07 16:44:19 +0530
Processing by TasksController#index as HTML
  Rendering tasks/index.html.erb within layouts/application
  [1m[36mTask Load (0.2ms)[0m  [1m[34mSELECT "tasks".* FROM "tasks"[0m
  Rendered tasks/index.html.erb within layouts/application (2.3ms)
Completed 200 OK in 53ms (Views: 51.0ms | ActiveRecord: 0.2ms)


Started GET "/tasks/new" for 127.0.0.1 at 2017-09-07 16:44:22 +0530
Processing by TasksController#new as HTML
  Rendering tasks/new.html.erb within layouts/application
  Rendered tasks/_form.html.erb (1.3ms)
  Rendered tasks/new.html.erb within layouts/application (3.1ms)
Completed 200 OK in 63ms (Views: 61.0ms | ActiveRecord: 0.0ms)


Started POST "/tasks" for 127.0.0.1 at 2017-09-07 16:44:27 +0530
Processing by TasksController#create as HTML
  Parameters: {"utf8"=>"✓", "authenticity_token"=>"LQ1RfPlhsWUOKGLL1vFVEcF71ieTg8zByBW+8ixnUFSKcN/I8NznRiyek2FYnj6rJ3+/oGr4DQ4cnG5nLL8y0g==", "task"=>{"name"=>"123", "description"=>"123123"}, "commit"=>"Create Task"}
  [1m[35m (0.2ms)[0m  [1m[35mBEGIN[0m
  [1m[35mSQL (0.9ms)[0m  [1m[32mINSERT INTO "tasks" ("name", "description", "created_at", "updated_at") VALUES ($1, $2, $3, $4) RETURNING "id"[0m  [["name", "123"], ["description", "123123"], ["created_at", "2017-09-07 11:14:27.366193"], ["updated_at", "2017-09-07 11:14:27.366193"]]
  [1m[35m (0.7ms)[0m  [1m[35mCOMMIT[0m
Redirected to http://localhost:3000/tasks/3
Completed 302 Found in 7ms (ActiveRecord: 1.8ms)


Started GET "/tasks/3" for 127.0.0.1 at 2017-09-07 16:44:27 +0530
Processing by TasksController#show as HTML
  Parameters: {"id"=>"3"}
  [1m[36mTask Load (0.2ms)[0m  [1m[34mSELECT  "tasks".* FROM "tasks" WHERE "tasks"."id" = $1 LIMIT $2[0m  [["id", 3], ["LIMIT", 1]]
  Rendering tasks/show.html.erb within layouts/application
  Rendered tasks/show.html.erb within layouts/application (1.1ms)
Completed 200 OK in 32ms (Views: 28.4ms | ActiveRecord: 0.2ms)


Started GET "/tasks" for 127.0.0.1 at 2017-09-07 16:44:30 +0530
Processing by TasksController#index as HTML
  Rendering tasks/index.html.erb within layouts/application
  [1m[36mTask Load (0.2ms)[0m  [1m[34mSELECT "tasks".* FROM "tasks"[0m
  Rendered tasks/index.html.erb within layouts/application (2.9ms)
Completed 200 OK in 52ms (Views: 49.7ms | ActiveRecord: 0.2ms)


Started GET "/tasks" for 127.0.0.1 at 2017-09-07 16:46:26 +0530
Processing by TasksController#index as HTML
  Rendering tasks/index.html.erb within layouts/application
  [1m[36mTask Load (0.3ms)[0m  [1m[34mSELECT "tasks".* FROM "tasks"[0m
  Rendered tasks/index.html.erb within layouts/application (2.6ms)
Completed 200 OK in 40ms (Views: 38.0ms | ActiveRecord: 0.3ms)


Started GET "/tasks" for 127.0.0.1 at 2017-09-07 16:47:36 +0530
Processing by TasksController#index as HTML
  Rendering tasks/index.html.erb within layouts/application
  [1m[36mTask Load (0.2ms)[0m  [1m[34mSELECT "tasks".* FROM "tasks"[0m
  Rendered tasks/index.html.erb within layouts/application (3.3ms)
Completed 200 OK in 44ms (Views: 41.4ms | ActiveRecord: 0.2ms)


Started POST "/tasks/new" for 127.0.0.1 at 2017-09-07 16:47:54 +0530
  
ActionController::RoutingError (No route matches [POST] "/tasks/new"):
  
actionpack (5.1.3) lib/action_dispatch/middleware/debug_exceptions.rb:63:in `call'
web-console (3.5.1) lib/web_console/middleware.rb:135:in `call_app'
web-console (3.5.1) lib/web_console/middleware.rb:28:in `block in call'
web-console (3.5.1) lib/web_console/middleware.rb:18:in `catch'
web-console (3.5.1) lib/web_console/middleware.rb:18:in `call'
actionpack (5.1.3) lib/action_dispatch/middleware/show_exceptions.rb:31:in `call'
railties (5.1.3) lib/rails/rack/logger.rb:36:in `call_app'
railties (5.1.3) lib/rails/rack/logger.rb:24:in `block in call'
activesupport (5.1.3) lib/active_support/tagged_logging.rb:69:in `block in tagged'
activesupport (5.1.3) lib/active_support/tagged_logging.rb:26:in `tagged'
activesupport (5.1.3) lib/active_support/tagged_logging.rb:69:in `tagged'
railties (5.1.3) lib/rails/rack/logger.rb:24:in `call'
sprockets-rails (3.2.1) lib/sprockets/rails/quiet_assets.rb:13:in `call'
actionpack (5.1.3) lib/action_dispatch/middleware/remote_ip.rb:79:in `call'
actionpack (5.1.3) lib/action_dispatch/middleware/request_id.rb:25:in `call'
rack (2.0.3) lib/rack/method_override.rb:22:in `call'
rack (2.0.3) lib/rack/runtime.rb:22:in `call'
activesupport (5.1.3) lib/active_support/cache/strategy/local_cache_middleware.rb:27:in `call'
actionpack (5.1.3) lib/action_dispatch/middleware/executor.rb:12:in `call'
actionpack (5.1.3) lib/action_dispatch/middleware/static.rb:125:in `call'
rack (2.0.3) lib/rack/sendfile.rb:111:in `call'
railties (5.1.3) lib/rails/engine.rb:522:in `call'
puma (3.10.0) lib/puma/configuration.rb:225:in `call'
puma (3.10.0) lib/puma/server.rb:605:in `handle_request'
puma (3.10.0) lib/puma/server.rb:437:in `process_client'
puma (3.10.0) lib/puma/server.rb:301:in `block in run'
puma (3.10.0) lib/puma/thread_pool.rb:120:in `block in spawn_thread'
Started GET "/tasks" for 127.0.0.1 at 2017-09-07 16:48:22 +0530
Processing by TasksController#index as HTML
  Rendering tasks/index.html.erb within layouts/application
  [1m[36mTask Load (0.4ms)[0m  [1m[34mSELECT "tasks".* FROM "tasks"[0m
  Rendered tasks/index.html.erb within layouts/application (5.4ms)
Completed 200 OK in 46ms (Views: 42.6ms | ActiveRecord: 0.4ms)


Started GET "/tasks/new" for 127.0.0.1 at 2017-09-07 16:48:24 +0530
Processing by TasksController#new as HTML
  Rendering tasks/new.html.erb within layouts/application
  Rendered tasks/_form.html.erb (5.2ms)
  Rendered tasks/new.html.erb within layouts/application (7.5ms)
Completed 200 OK in 62ms (Views: 57.1ms | ActiveRecord: 0.0ms)


Started GET "/tasks" for 127.0.0.1 at 2017-09-07 16:50:15 +0530
Processing by TasksController#index as HTML
  Rendering tasks/index.html.erb within layouts/application
  [1m[36mTask Load (0.4ms)[0m  [1m[34mSELECT "tasks".* FROM "tasks"[0m
  Rendered tasks/index.html.erb within layouts/application (3.9ms)
Completed 200 OK in 46ms (Views: 43.1ms | ActiveRecord: 0.4ms)


Started POST "/tasks/new" for 127.0.0.1 at 2017-09-07 16:50:17 +0530
  
ActionController::RoutingError (No route matches [POST] "/tasks/new"):
  
actionpack (5.1.3) lib/action_dispatch/middleware/debug_exceptions.rb:63:in `call'
web-console (3.5.1) lib/web_console/middleware.rb:135:in `call_app'
web-console (3.5.1) lib/web_console/middleware.rb:28:in `block in call'
web-console (3.5.1) lib/web_console/middleware.rb:18:in `catch'
web-console (3.5.1) lib/web_console/middleware.rb:18:in `call'
actionpack (5.1.3) lib/action_dispatch/middleware/show_exceptions.rb:31:in `call'
railties (5.1.3) lib/rails/rack/logger.rb:36:in `call_app'
railties (5.1.3) lib/rails/rack/logger.rb:24:in `block in call'
activesupport (5.1.3) lib/active_support/tagged_logging.rb:69:in `block in tagged'
activesupport (5.1.3) lib/active_support/tagged_logging.rb:26:in `tagged'
activesupport (5.1.3) lib/active_support/tagged_logging.rb:69:in `tagged'
railties (5.1.3) lib/rails/rack/logger.rb:24:in `call'
sprockets-rails (3.2.1) lib/sprockets/rails/quiet_assets.rb:13:in `call'
actionpack (5.1.3) lib/action_dispatch/middleware/remote_ip.rb:79:in `call'
actionpack (5.1.3) lib/action_dispatch/middleware/request_id.rb:25:in `call'
rack (2.0.3) lib/rack/method_override.rb:22:in `call'
rack (2.0.3) lib/rack/runtime.rb:22:in `call'
activesupport (5.1.3) lib/active_support/cache/strategy/local_cache_middleware.rb:27:in `call'
actionpack (5.1.3) lib/action_dispatch/middleware/executor.rb:12:in `call'
actionpack (5.1.3) lib/action_dispatch/middleware/static.rb:125:in `call'
rack (2.0.3) lib/rack/sendfile.rb:111:in `call'
railties (5.1.3) lib/rails/engine.rb:522:in `call'
puma (3.10.0) lib/puma/configuration.rb:225:in `call'
puma (3.10.0) lib/puma/server.rb:605:in `handle_request'
puma (3.10.0) lib/puma/server.rb:437:in `process_client'
puma (3.10.0) lib/puma/server.rb:301:in `block in run'
puma (3.10.0) lib/puma/thread_pool.rb:120:in `block in spawn_thread'
Started GET "/tasks" for 127.0.0.1 at 2017-09-07 16:50:37 +0530
Processing by TasksController#index as HTML
  Rendering tasks/index.html.erb within layouts/application
  [1m[36mTask Load (0.5ms)[0m  [1m[34mSELECT "tasks".* FROM "tasks"[0m
  Rendered tasks/index.html.erb within layouts/application (4.2ms)
Completed 200 OK in 34ms (Views: 31.6ms | ActiveRecord: 0.5ms)


Started GET "/tasks/new" for 127.0.0.1 at 2017-09-07 16:50:39 +0530
Processing by TasksController#new as HTML
  Rendering tasks/new.html.erb within layouts/application
  Rendered tasks/_form.html.erb (1.6ms)
  Rendered tasks/new.html.erb within layouts/application (3.5ms)
Completed 200 OK in 32ms (Views: 27.0ms | ActiveRecord: 0.0ms)


Started GET "/tasks" for 127.0.0.1 at 2017-09-07 16:51:12 +0530
Processing by TasksController#index as HTML
  Rendering tasks/index.html.erb within layouts/application
  [1m[36mTask Load (1.3ms)[0m  [1m[34mSELECT "tasks".* FROM "tasks"[0m
  Rendered tasks/index.html.erb within layouts/application (5.5ms)
Completed 200 OK in 38ms (Views: 34.2ms | ActiveRecord: 1.3ms)


Started GET "/tasks" for 127.0.0.1 at 2017-09-07 16:51:57 +0530
Processing by TasksController#index as HTML
  Rendering tasks/index.html.erb within layouts/application
  [1m[36mTask Load (0.2ms)[0m  [1m[34mSELECT "tasks".* FROM "tasks"[0m
  Rendered tasks/index.html.erb within layouts/application (2.6ms)
Completed 200 OK in 33ms (Views: 30.7ms | ActiveRecord: 0.2ms)


Started GET "/tasks" for 127.0.0.1 at 2017-09-07 16:55:43 +0530
Processing by TasksController#index as HTML
  Rendering tasks/index.html.erb within layouts/application
  [1m[36mTask Load (0.3ms)[0m  [1m[34mSELECT "tasks".* FROM "tasks"[0m
  Rendered tasks/index.html.erb within layouts/application (3.3ms)
Completed 200 OK in 50ms (Views: 46.9ms | ActiveRecord: 0.3ms)


Started GET "/tasks" for 127.0.0.1 at 2017-09-07 16:55:45 +0530
Processing by TasksController#index as HTML
  Rendering tasks/index.html.erb within layouts/application
  [1m[36mTask Load (0.4ms)[0m  [1m[34mSELECT "tasks".* FROM "tasks"[0m
  Rendered tasks/index.html.erb within layouts/application (4.5ms)
Completed 200 OK in 38ms (Views: 35.3ms | ActiveRecord: 0.4ms)


Started GET "/tasks/new" for 127.0.0.1 at 2017-09-07 16:55:49 +0530
Processing by TasksController#new as HTML
  Rendering tasks/new.html.erb within layouts/application
  Rendered tasks/_form.html.erb (1.6ms)
  Rendered tasks/new.html.erb within layouts/application (3.8ms)
Completed 200 OK in 32ms (Views: 27.9ms | ActiveRecord: 0.0ms)


Started GET "/tasks/new" for 127.0.0.1 at 2017-09-07 17:02:14 +0530
Processing by TasksController#new as HTML
  Rendering tasks/new.html.erb within layouts/application
  Rendered tasks/_form.html.erb (3.2ms)
  Rendered tasks/new.html.erb within layouts/application (4.9ms)
Completed 200 OK in 71ms (Views: 51.3ms | ActiveRecord: 4.7ms)


Started GET "/tasks/new" for 127.0.0.1 at 2017-09-07 17:05:27 +0530
Processing by TasksController#new as HTML
  Rendering tasks/new.html.erb within layouts/application
  Rendered tasks/_form.html.erb (6.9ms)
  Rendered tasks/new.html.erb within layouts/application (11.9ms)
Completed 200 OK in 89ms (Views: 75.3ms | ActiveRecord: 0.0ms)


Started GET "/tasks/new" for 127.0.0.1 at 2017-09-07 17:05:44 +0530
Processing by TasksController#new as HTML
  Rendering tasks/new.html.erb within layouts/application
  Rendered tasks/_form.html.erb (3.8ms)
  Rendered tasks/new.html.erb within layouts/application (7.9ms)
Completed 200 OK in 70ms (Views: 66.5ms | ActiveRecord: 0.0ms)


Started GET "/tasks/new" for 127.0.0.1 at 2017-09-07 17:09:15 +0530
Processing by TasksController#new as HTML
  Rendering tasks/new.html.erb within layouts/application
  Rendered tasks/_form.html.erb (2.7ms)
  Rendered tasks/new.html.erb within layouts/application (5.2ms)
Completed 200 OK in 39ms (Views: 35.9ms | ActiveRecord: 0.0ms)


Started GET "/tasks/new" for 127.0.0.1 at 2017-09-07 17:11:45 +0530
Processing by TasksController#new as HTML
  Rendering tasks/new.html.erb within layouts/application
  Rendered tasks/_form.html.erb (1.4ms)
  Rendered tasks/new.html.erb within layouts/application (3.5ms)
Completed 500 Internal Server Error in 16ms (ActiveRecord: 0.0ms)


  
SyntaxError (/Users/devsree/Desktop/my_projects/task_manager/app/views/tasks/_form.html.erb:23: syntax error, unexpected tLABEL, expecting '='
r.append=( form.submit, class: 'btn btn-default' );@output_b
                              ^):
  
app/views/tasks/_form.html.erb:23: syntax error, unexpected tLABEL, expecting '='
app/views/tasks/new.html.erb:3:in `_app_views_tasks_new_html_erb___1906493694425603604_70249609566300'
Started GET "/tasks/new" for 127.0.0.1 at 2017-09-07 17:12:40 +0530
Processing by TasksController#new as HTML
  Rendering tasks/new.html.erb within layouts/application
  Rendered tasks/_form.html.erb (6.3ms)
  Rendered tasks/new.html.erb within layouts/application (10.9ms)
Completed 200 OK in 68ms (Views: 55.3ms | ActiveRecord: 0.0ms)


Started GET "/tasks/new" for 127.0.0.1 at 2017-09-07 17:12:58 +0530
Processing by TasksController#new as HTML
  Rendering tasks/new.html.erb within layouts/application
  Rendered tasks/_form.html.erb (2.1ms)
  Rendered tasks/new.html.erb within layouts/application (4.7ms)
Completed 200 OK in 39ms (Views: 35.7ms | ActiveRecord: 0.0ms)


Started GET "/tasks/new" for 127.0.0.1 at 2017-09-07 17:13:14 +0530
Processing by TasksController#new as HTML
  Rendering tasks/new.html.erb within layouts/application
  Rendered tasks/_form.html.erb (1.8ms)
  Rendered tasks/new.html.erb within layouts/application (4.4ms)
Completed 200 OK in 37ms (Views: 35.0ms | ActiveRecord: 0.0ms)


Started GET "/tasks/new" for 127.0.0.1 at 2017-09-07 17:13:37 +0530
Processing by TasksController#new as HTML
  Rendering tasks/new.html.erb within layouts/application
  Rendered tasks/_form.html.erb (2.2ms)
  Rendered tasks/new.html.erb within layouts/application (4.6ms)
Completed 200 OK in 34ms (Views: 31.7ms | ActiveRecord: 0.0ms)


Started GET "/tasks/new" for 127.0.0.1 at 2017-09-07 17:15:06 +0530
Processing by TasksController#new as HTML
  Rendering tasks/new.html.erb within layouts/application
  Rendered tasks/_form.html.erb (2.2ms)
  Rendered tasks/new.html.erb within layouts/application (5.8ms)
Completed 200 OK in 43ms (Views: 40.9ms | ActiveRecord: 0.0ms)


Started GET "/tasks" for 127.0.0.1 at 2017-09-07 17:15:11 +0530
Processing by TasksController#index as HTML
  Rendering tasks/index.html.erb within layouts/application
  [1m[36mTask Load (2.3ms)[0m  [1m[34mSELECT "tasks".* FROM "tasks"[0m
  Rendered tasks/index.html.erb within layouts/application (20.1ms)
Completed 200 OK in 92ms (Views: 83.9ms | ActiveRecord: 2.3ms)


Started GET "/tasks/new" for 127.0.0.1 at 2017-09-07 17:15:13 +0530
Processing by TasksController#new as HTML
  Rendering tasks/new.html.erb within layouts/application
  Rendered tasks/_form.html.erb (1.6ms)
  Rendered tasks/new.html.erb within layouts/application (3.5ms)
Completed 200 OK in 26ms (Views: 23.7ms | ActiveRecord: 0.0ms)


Started POST "/tasks" for 127.0.0.1 at 2017-09-07 17:15:16 +0530
Processing by TasksController#create as HTML
  Parameters: {"utf8"=>"✓", "authenticity_token"=>"H2x0TsXzsRPMRWGeQ4kammvDsLIhzIk/ydMZ2msYRbEsverwzGhWLZPvSc7l3cV94fteksMSHMAaoG0CI7vA3g==", "task"=>{"name"=>"ewqeewqe", "description"=>"qewqeqweqwe"}, "commit"=>"Create Task"}
  [1m[35m (0.2ms)[0m  [1m[35mBEGIN[0m
  [1m[35mSQL (0.7ms)[0m  [1m[32mINSERT INTO "tasks" ("name", "description", "created_at", "updated_at") VALUES ($1, $2, $3, $4) RETURNING "id"[0m  [["name", "ewqeewqe"], ["description", "qewqeqweqwe"], ["created_at", "2017-09-07 11:45:16.843935"], ["updated_at", "2017-09-07 11:45:16.843935"]]
  [1m[35m (0.5ms)[0m  [1m[35mCOMMIT[0m
Redirected to http://localhost:3000/tasks/4
Completed 302 Found in 11ms (ActiveRecord: 1.4ms)


Started GET "/tasks/4" for 127.0.0.1 at 2017-09-07 17:15:16 +0530
Processing by TasksController#show as HTML
  Parameters: {"id"=>"4"}
  [1m[36mTask Load (0.5ms)[0m  [1m[34mSELECT  "tasks".* FROM "tasks" WHERE "tasks"."id" = $1 LIMIT $2[0m  [["id", 4], ["LIMIT", 1]]
  Rendering tasks/show.html.erb within layouts/application
  Rendered tasks/show.html.erb within layouts/application (1.0ms)
Completed 200 OK in 29ms (Views: 21.2ms | ActiveRecord: 0.5ms)


Started GET "/tasks" for 127.0.0.1 at 2017-09-07 17:15:20 +0530
Processing by TasksController#index as HTML
  Rendering tasks/index.html.erb within layouts/application
  [1m[36mTask Load (0.3ms)[0m  [1m[34mSELECT "tasks".* FROM "tasks"[0m
  Rendered tasks/index.html.erb within layouts/application (3.6ms)
Completed 200 OK in 46ms (Views: 43.3ms | ActiveRecord: 0.3ms)


Started GET "/tasks" for 127.0.0.1 at 2017-09-07 17:38:38 +0530
Processing by TasksController#index as HTML
  Rendering tasks/index.html.erb within layouts/application
  [1m[36mTask Load (1.0ms)[0m  [1m[34mSELECT "tasks".* FROM "tasks"[0m
  Rendered tasks/index.html.erb within layouts/application (27.8ms)
Completed 200 OK in 119ms (Views: 98.7ms | ActiveRecord: 1.0ms)


Started GET "/" for ::1 at 2017-09-18 10:09:46 +0530
  [1m[35m (3.8ms)[0m  [1m[34mSELECT "schema_migrations"."version" FROM "schema_migrations" ORDER BY "schema_migrations"."version" ASC[0m
Processing by TasksController#index as HTML
  Rendering tasks/index.html.erb within layouts/application
  [1m[36mTask Load (7.6ms)[0m  [1m[34mSELECT "tasks".* FROM "tasks"[0m
  Rendered tasks/index.html.erb within layouts/application (34.6ms)
Completed 200 OK in 302ms (Views: 266.7ms | ActiveRecord: 18.0ms)


Started GET "/tasks/new" for ::1 at 2017-09-18 10:09:51 +0530
Processing by TasksController#new as HTML
  Rendering tasks/new.html.erb within layouts/application
  Rendered tasks/_form.html.erb (15.6ms)
  Rendered tasks/new.html.erb within layouts/application (17.9ms)
Completed 200 OK in 41ms (Views: 37.3ms | ActiveRecord: 0.0ms)


Started POST "/tasks" for ::1 at 2017-09-18 10:09:56 +0530
Processing by TasksController#create as HTML
  Parameters: {"utf8"=>"✓", "authenticity_token"=>"RgsnCe4F/NotjnP/FFmfpE210avXVJWqejEmIwIa7ap12rm3554b5HIkW6+yDUBDx40/izWKAFWpQlL7SrloxQ==", "task"=>{"name"=>"ee", "description"=>"www"}, "commit"=>"Create Task"}
  [1m[35m (0.1ms)[0m  [1m[35mBEGIN[0m
  [1m[35mSQL (9.4ms)[0m  [1m[32mINSERT INTO "tasks" ("name", "description", "created_at", "updated_at") VALUES ($1, $2, $3, $4) RETURNING "id"[0m  [["name", "ee"], ["description", "www"], ["created_at", "2017-09-18 04:39:56.299045"], ["updated_at", "2017-09-18 04:39:56.299045"]]
  [1m[35m (1.1ms)[0m  [1m[35mCOMMIT[0m
Redirected to http://localhost:3001/tasks/5
Completed 302 Found in 26ms (ActiveRecord: 10.6ms)


Started GET "/tasks/5" for ::1 at 2017-09-18 10:09:56 +0530
Processing by TasksController#show as HTML
  Parameters: {"id"=>"5"}
  [1m[36mTask Load (0.3ms)[0m  [1m[34mSELECT  "tasks".* FROM "tasks" WHERE "tasks"."id" = $1 LIMIT $2[0m  [["id", 5], ["LIMIT", 1]]
  Rendering tasks/show.html.erb within layouts/application
  Rendered tasks/show.html.erb within layouts/application (0.9ms)
Completed 200 OK in 35ms (Views: 25.1ms | ActiveRecord: 0.6ms)


Started GET "/tasks" for ::1 at 2017-09-18 10:10:00 +0530
Processing by TasksController#index as HTML
  Rendering tasks/index.html.erb within layouts/application
  [1m[36mTask Load (0.3ms)[0m  [1m[34mSELECT "tasks".* FROM "tasks"[0m
  Rendered tasks/index.html.erb within layouts/application (3.5ms)
Completed 200 OK in 57ms (Views: 53.3ms | ActiveRecord: 0.3ms)


Started GET "/tasks/5" for ::1 at 2017-09-18 10:10:08 +0530
Processing by TasksController#show as HTML
  Parameters: {"id"=>"5"}
  [1m[36mTask Load (0.4ms)[0m  [1m[34mSELECT  "tasks".* FROM "tasks" WHERE "tasks"."id" = $1 LIMIT $2[0m  [["id", 5], ["LIMIT", 1]]
  Rendering tasks/show.html.erb within layouts/application
  Rendered tasks/show.html.erb within layouts/application (1.3ms)
Completed 200 OK in 92ms (Views: 86.6ms | ActiveRecord: 0.4ms)


Started GET "/tasks" for ::1 at 2017-09-18 10:10:10 +0530
Processing by TasksController#index as HTML
  Rendering tasks/index.html.erb within layouts/application
  [1m[36mTask Load (0.2ms)[0m  [1m[34mSELECT "tasks".* FROM "tasks"[0m
  Rendered tasks/index.html.erb within layouts/application (3.9ms)
Completed 200 OK in 85ms (Views: 81.6ms | ActiveRecord: 0.2ms)


Started DELETE "/tasks/5" for ::1 at 2017-09-18 10:10:42 +0530
Processing by TasksController#destroy as HTML
  Parameters: {"authenticity_token"=>"ecKb3ZwVyxMtrAo9hDm8govsp3sCWEV18SYIRJCtcH5KEwVjlY4sLXIGIm0ibWNlAdRJW+CG0IoiVXyc2A71EQ==", "id"=>"5"}
  [1m[36mTask Load (0.3ms)[0m  [1m[34mSELECT  "tasks".* FROM "tasks" WHERE "tasks"."id" = $1 LIMIT $2[0m  [["id", 5], ["LIMIT", 1]]
  [1m[35m (0.1ms)[0m  [1m[35mBEGIN[0m
  [1m[35mSQL (1.1ms)[0m  [1m[31mDELETE FROM "tasks" WHERE "tasks"."id" = $1[0m  [["id", 5]]
  [1m[35m (0.6ms)[0m  [1m[35mCOMMIT[0m
Redirected to http://localhost:3001/tasks
Completed 302 Found in 7ms (ActiveRecord: 2.2ms)


Started GET "/tasks" for ::1 at 2017-09-18 10:10:42 +0530
Processing by TasksController#index as HTML
  Rendering tasks/index.html.erb within layouts/application
  [1m[36mTask Load (0.2ms)[0m  [1m[34mSELECT "tasks".* FROM "tasks"[0m
  Rendered tasks/index.html.erb within layouts/application (2.6ms)
Completed 200 OK in 38ms (Views: 33.9ms | ActiveRecord: 0.2ms)


Started GET "/tasks" for ::1 at 2017-09-18 10:12:40 +0530
Processing by TasksController#index as HTML
  Rendering tasks/index.html.erb within layouts/application
  [1m[36mTask Load (0.3ms)[0m  [1m[34mSELECT "tasks".* FROM "tasks"[0m
  Rendered tasks/index.html.erb within layouts/application (3.0ms)
Completed 200 OK in 38ms (Views: 35.7ms | ActiveRecord: 0.3ms)


Started GET "/" for ::1 at 2017-09-18 10:12:42 +0530
Processing by TasksController#index as HTML
  Rendering tasks/index.html.erb within layouts/application
  [1m[36mTask Load (0.3ms)[0m  [1m[34mSELECT "tasks".* FROM "tasks"[0m
  Rendered tasks/index.html.erb within layouts/application (3.8ms)
Completed 200 OK in 26ms (Views: 24.0ms | ActiveRecord: 0.3ms)


Started GET "/tasks/new" for ::1 at 2017-09-18 10:18:05 +0530
Processing by TasksController#new as HTML
  Rendering tasks/new.html.erb within layouts/application
  Rendered tasks/_form.html.erb (17.8ms)
  Rendered tasks/new.html.erb within layouts/application (31.1ms)
Completed 200 OK in 126ms (Views: 107.2ms | ActiveRecord: 0.0ms)


Started GET "/tasks" for ::1 at 2017-09-18 10:19:03 +0530
Processing by TasksController#index as HTML
  Rendering tasks/index.html.erb within layouts/application
  [1m[36mTask Load (0.9ms)[0m  [1m[34mSELECT "tasks".* FROM "tasks"[0m
  Rendered tasks/index.html.erb within layouts/application (76.7ms)
Completed 200 OK in 147ms (Views: 141.3ms | ActiveRecord: 0.9ms)


Started GET "/tasks/2" for ::1 at 2017-09-18 10:19:07 +0530
Processing by TasksController#show as HTML
  Parameters: {"id"=>"2"}
  [1m[36mTask Load (7.7ms)[0m  [1m[34mSELECT  "tasks".* FROM "tasks" WHERE "tasks"."id" = $1 LIMIT $2[0m  [["id", 2], ["LIMIT", 1]]
  Rendering tasks/show.html.erb within layouts/application
  Rendered tasks/show.html.erb within layouts/application (1.9ms)
Completed 200 OK in 88ms (Views: 71.8ms | ActiveRecord: 7.7ms)


Started GET "/tasks" for ::1 at 2017-09-18 10:21:59 +0530
Processing by TasksController#index as HTML
  Rendering tasks/index.html.erb within layouts/application
  [1m[36mTask Load (2.6ms)[0m  [1m[34mSELECT "tasks".* FROM "tasks"[0m
  Rendered tasks/index.html.erb within layouts/application (81.5ms)
Completed 200 OK in 156ms (Views: 146.3ms | ActiveRecord: 2.6ms)


Started GET "/tasks/2/edit" for ::1 at 2017-09-18 10:22:06 +0530
Processing by TasksController#edit as HTML
  Parameters: {"id"=>"2"}
  [1m[36mTask Load (0.3ms)[0m  [1m[34mSELECT  "tasks".* FROM "tasks" WHERE "tasks"."id" = $1 LIMIT $2[0m  [["id", 2], ["LIMIT", 1]]
  Rendering tasks/edit.html.erb within layouts/application
  Rendered tasks/_form.html.erb (17.0ms)
  Rendered tasks/edit.html.erb within layouts/application (24.4ms)
Completed 200 OK in 124ms (Views: 112.4ms | ActiveRecord: 0.3ms)


Started GET "/tasks" for ::1 at 2017-09-18 10:23:49 +0530
Processing by TasksController#index as HTML
  Rendering tasks/index.html.erb within layouts/application
  [1m[36mTask Load (0.4ms)[0m  [1m[34mSELECT "tasks".* FROM "tasks"[0m
  Rendered tasks/index.html.erb within layouts/application (64.3ms)
Completed 200 OK in 152ms (Views: 148.5ms | ActiveRecord: 0.4ms)


Started GET "/tasks/new" for ::1 at 2017-09-18 10:25:31 +0530
Processing by TasksController#new as HTML
  Rendering tasks/new.html.erb within layouts/application
  Rendered tasks/_form.html.erb (2.1ms)
  Rendered tasks/new.html.erb within layouts/application (6.9ms)
Completed 200 OK in 40ms (Views: 35.2ms | ActiveRecord: 0.0ms)


Started GET "/tasks" for ::1 at 2017-09-18 10:29:45 +0530
Processing by TasksController#index as HTML
  Rendering tasks/index.html.erb within layouts/application
  [1m[36mTask Load (0.3ms)[0m  [1m[34mSELECT "tasks".* FROM "tasks"[0m
  Rendered tasks/index.html.erb within layouts/application (6.1ms)
Completed 200 OK in 81ms (Views: 77.7ms | ActiveRecord: 0.3ms)


Started GET "/tasks/new" for ::1 at 2017-09-18 10:29:47 +0530
Processing by TasksController#new as HTML
  Rendering tasks/new.html.erb within layouts/application
  Rendered tasks/_form.html.erb (1.6ms)
  Rendered tasks/new.html.erb within layouts/application (5.5ms)
Completed 200 OK in 33ms (Views: 29.1ms | ActiveRecord: 0.0ms)


Started POST "/tasks" for ::1 at 2017-09-18 10:29:48 +0530
Processing by TasksController#create as HTML
  Parameters: {"utf8"=>"✓", "authenticity_token"=>"Oy0plFc66TBN6VQQj7rS7AXZtBK4uKvctSBLeGQoAFgI/LcqXqEODhJDfEAp7g0Lj+FaMlpmPiNmUz+gLIuFNw==", "task"=>{"name"=>"", "description"=>""}, "commit"=>"Create Task"}
  [1m[35m (0.1ms)[0m  [1m[35mBEGIN[0m
  [1m[35mSQL (0.6ms)[0m  [1m[32mINSERT INTO "tasks" ("name", "description", "created_at", "updated_at") VALUES ($1, $2, $3, $4) RETURNING "id"[0m  [["name", ""], ["description", ""], ["created_at", "2017-09-18 04:59:48.943089"], ["updated_at", "2017-09-18 04:59:48.943089"]]
  [1m[35m (1.9ms)[0m  [1m[35mCOMMIT[0m
Redirected to http://localhost:3001/tasks/6
Completed 302 Found in 10ms (ActiveRecord: 2.6ms)


Started GET "/tasks/6" for ::1 at 2017-09-18 10:29:48 +0530
Processing by TasksController#show as HTML
  Parameters: {"id"=>"6"}
  [1m[36mTask Load (0.3ms)[0m  [1m[34mSELECT  "tasks".* FROM "tasks" WHERE "tasks"."id" = $1 LIMIT $2[0m  [["id", 6], ["LIMIT", 1]]
  Rendering tasks/show.html.erb within layouts/application
  Rendered tasks/show.html.erb within layouts/application (2.3ms)
Completed 200 OK in 40ms (Views: 35.1ms | ActiveRecord: 0.3ms)


Started GET "/tasks/6/edit" for ::1 at 2017-09-18 10:29:52 +0530
Processing by TasksController#edit as HTML
  Parameters: {"id"=>"6"}
  [1m[36mTask Load (0.2ms)[0m  [1m[34mSELECT  "tasks".* FROM "tasks" WHERE "tasks"."id" = $1 LIMIT $2[0m  [["id", 6], ["LIMIT", 1]]
  Rendering tasks/edit.html.erb within layouts/application
  Rendered tasks/_form.html.erb (35.3ms)
  Rendered tasks/edit.html.erb within layouts/application (69.0ms)
Completed 200 OK in 117ms (Views: 112.8ms | ActiveRecord: 0.2ms)


Started GET "/tasks" for ::1 at 2017-09-18 10:30:03 +0530
Processing by TasksController#index as HTML
  Rendering tasks/index.html.erb within layouts/application
  [1m[36mTask Load (0.3ms)[0m  [1m[34mSELECT "tasks".* FROM "tasks"[0m
  Rendered tasks/index.html.erb within layouts/application (4.5ms)
Completed 200 OK in 91ms (Views: 87.4ms | ActiveRecord: 0.3ms)


Started GET "/tasks/new" for ::1 at 2017-09-18 10:51:43 +0530
Processing by TasksController#new as HTML
  Rendering tasks/new.html.erb within layouts/application
  Rendered tasks/_form.html.erb (5.2ms)
  Rendered tasks/new.html.erb within layouts/application (7.7ms)
Completed 200 OK in 76ms (Views: 45.8ms | ActiveRecord: 7.3ms)


Started POST "/tasks" for ::1 at 2017-09-18 10:51:48 +0530
Processing by TasksController#create as HTML
  Parameters: {"utf8"=>"✓", "authenticity_token"=>"fL8lKp2Jf9BDIgvsNQ+0wU8FMLwrz/R62U9pptceyBZPbruUlBKY7hyII7yTW2smxT3enMkRYYUKPB1+n71NeQ==", "task"=>{"name"=>"", "description"=>"sad"}, "commit"=>"Create Task"}
  [1m[35m (0.1ms)[0m  [1m[35mBEGIN[0m
  [1m[35m (1.7ms)[0m  [1m[31mROLLBACK[0m
  Rendering tasks/new.html.erb within layouts/application
  Rendered tasks/_form.html.erb (2.7ms)
  Rendered tasks/new.html.erb within layouts/application (5.6ms)
Completed 200 OK in 40ms (Views: 33.7ms | ActiveRecord: 1.9ms)


  [1m[35m (1.2ms)[0m  [1m[34mSELECT "schema_migrations"."version" FROM "schema_migrations" ORDER BY "schema_migrations"."version" ASC[0m
  [1m[35m (8.6ms)[0m  [1m[34mSELECT "ar_internal_metadata"."value" FROM "ar_internal_metadata" WHERE "ar_internal_metadata"."key" = $1[0m  [["key", "environment"]]
  [1m[35m (0.3ms)[0m  [1m[34mSELECT "schema_migrations"."version" FROM "schema_migrations" ORDER BY "schema_migrations"."version" ASC[0m
  [1m[35m (0.2ms)[0m  [1m[34mSELECT "ar_internal_metadata"."value" FROM "ar_internal_metadata" WHERE "ar_internal_metadata"."key" = $1[0m  [["key", "environment"]]
  [1m[35m (0.9ms)[0m  [1m[34mSELECT "schema_migrations"."version" FROM "schema_migrations" ORDER BY "schema_migrations"."version" ASC[0m
  [1m[35m (0.2ms)[0m  [1m[34mSELECT "ar_internal_metadata"."value" FROM "ar_internal_metadata" WHERE "ar_internal_metadata"."key" = $1[0m  [["key", "environment"]]
  [1m[35m (3198.3ms)[0m  [1m[35mDROP DATABASE IF EXISTS "task_manager_development"[0m
  [1m[35m (201.3ms)[0m  [1m[35mDROP DATABASE IF EXISTS "task_manager_test"[0m
  [1m[35mSQL (1.8ms)[0m  [1m[35mCREATE EXTENSION IF NOT EXISTS "plpgsql"[0m
  [1m[35m (3.6ms)[0m  [1m[35mDROP TABLE IF EXISTS "tasks" CASCADE[0m
  [1m[35m (17.3ms)[0m  [1m[35mCREATE TABLE "tasks" ("id" bigserial primary key, "name" character varying, "description" text, "created_at" timestamp NOT NULL, "updated_at" timestamp NOT NULL)[0m
  [1m[35m (2.8ms)[0m  [1m[35mCREATE TABLE "schema_migrations" ("version" character varying NOT NULL PRIMARY KEY)[0m
  [1m[35m (0.4ms)[0m  [1m[34mSELECT "schema_migrations"."version" FROM "schema_migrations" ORDER BY "schema_migrations"."version" ASC[0m
  [1m[35m (1.8ms)[0m  [1m[32mINSERT INTO "schema_migrations" (version) VALUES (20170907101951)[0m
  [1m[35m (3.9ms)[0m  [1m[35mCREATE TABLE "ar_internal_metadata" ("key" character varying NOT NULL PRIMARY KEY, "value" character varying, "created_at" timestamp NOT NULL, "updated_at" timestamp NOT NULL)[0m
  [1m[36mActiveRecord::InternalMetadata Load (0.4ms)[0m  [1m[34mSELECT  "ar_internal_metadata".* FROM "ar_internal_metadata" WHERE "ar_internal_metadata"."key" = $1 LIMIT $2[0m  [["key", "environment"], ["LIMIT", 1]]
  [1m[35m (0.1ms)[0m  [1m[35mBEGIN[0m
  [1m[35mSQL (0.6ms)[0m  [1m[32mINSERT INTO "ar_internal_metadata" ("key", "value", "created_at", "updated_at") VALUES ($1, $2, $3, $4) RETURNING "key"[0m  [["key", "environment"], ["value", "development"], ["created_at", "2017-09-18 05:22:56.004464"], ["updated_at", "2017-09-18 05:22:56.004464"]]
  [1m[35m (0.5ms)[0m  [1m[35mCOMMIT[0m
  [1m[36mActiveRecord::InternalMetadata Load (0.7ms)[0m  [1m[34mSELECT  "ar_internal_metadata".* FROM "ar_internal_metadata" WHERE "ar_internal_metadata"."key" = $1 LIMIT $2[0m  [["key", "environment"], ["LIMIT", 1]]
  [1m[35m (0.1ms)[0m  [1m[35mBEGIN[0m
  [1m[35m (0.1ms)[0m  [1m[35mCOMMIT[0m
  [1m[35mSQL (0.3ms)[0m  [1m[35mCREATE EXTENSION IF NOT EXISTS "plpgsql"[0m
  [1m[35m (0.2ms)[0m  [1m[35mDROP TABLE IF EXISTS "tasks" CASCADE[0m
  [1m[35m (7.7ms)[0m  [1m[35mCREATE TABLE "tasks" ("id" bigserial primary key, "name" character varying, "description" text, "created_at" timestamp NOT NULL, "updated_at" timestamp NOT NULL)[0m
  [1m[35m (2.9ms)[0m  [1m[35mCREATE TABLE "schema_migrations" ("version" character varying NOT NULL PRIMARY KEY)[0m
  [1m[35m (0.5ms)[0m  [1m[34mSELECT "schema_migrations"."version" FROM "schema_migrations" ORDER BY "schema_migrations"."version" ASC[0m
  [1m[35m (0.5ms)[0m  [1m[32mINSERT INTO "schema_migrations" (version) VALUES (20170907101951)[0m
  [1m[35m (3.3ms)[0m  [1m[35mCREATE TABLE "ar_internal_metadata" ("key" character varying NOT NULL PRIMARY KEY, "value" character varying, "created_at" timestamp NOT NULL, "updated_at" timestamp NOT NULL)[0m
  [1m[36mActiveRecord::InternalMetadata Load (0.2ms)[0m  [1m[34mSELECT  "ar_internal_metadata".* FROM "ar_internal_metadata" WHERE "ar_internal_metadata"."key" = $1 LIMIT $2[0m  [["key", "environment"], ["LIMIT", 1]]
  [1m[35m (0.1ms)[0m  [1m[35mBEGIN[0m
  [1m[35mSQL (0.3ms)[0m  [1m[32mINSERT INTO "ar_internal_metadata" ("key", "value", "created_at", "updated_at") VALUES ($1, $2, $3, $4) RETURNING "key"[0m  [["key", "environment"], ["value", "development"], ["created_at", "2017-09-18 05:22:56.058409"], ["updated_at", "2017-09-18 05:22:56.058409"]]
  [1m[35m (0.2ms)[0m  [1m[35mCOMMIT[0m
  [1m[36mActiveRecord::InternalMetadata Load (0.2ms)[0m  [1m[34mSELECT  "ar_internal_metadata".* FROM "ar_internal_metadata" WHERE "ar_internal_metadata"."key" = $1 LIMIT $2[0m  [["key", "environment"], ["LIMIT", 1]]
  [1m[35m (0.1ms)[0m  [1m[35mBEGIN[0m
  [1m[35m (0.1ms)[0m  [1m[35mCOMMIT[0m
  [1m[35m (0.6ms)[0m  [1m[34mSELECT "schema_migrations"."version" FROM "schema_migrations" ORDER BY "schema_migrations"."version" ASC[0m
  [1m[35m (0.5ms)[0m  [1m[34mSELECT "schema_migrations"."version" FROM "schema_migrations" ORDER BY "schema_migrations"."version" ASC[0m
  [1m[35m (0.3ms)[0m  [1m[34mSELECT "ar_internal_metadata"."value" FROM "ar_internal_metadata" WHERE "ar_internal_metadata"."key" = $1[0m  [["key", "environment"]]
  [1m[35m (0.2ms)[0m  [1m[34mSELECT "schema_migrations"."version" FROM "schema_migrations" ORDER BY "schema_migrations"."version" ASC[0m
  [1m[35m (0.2ms)[0m  [1m[34mSELECT "ar_internal_metadata"."value" FROM "ar_internal_metadata" WHERE "ar_internal_metadata"."key" = $1[0m  [["key", "environment"]]
  [1m[35m (0.2ms)[0m  [1m[34mSELECT "schema_migrations"."version" FROM "schema_migrations" ORDER BY "schema_migrations"."version" ASC[0m
  [1m[35m (0.2ms)[0m  [1m[34mSELECT "ar_internal_metadata"."value" FROM "ar_internal_metadata" WHERE "ar_internal_metadata"."key" = $1[0m  [["key", "environment"]]
  [1m[35mSQL (0.3ms)[0m  [1m[35mCREATE EXTENSION IF NOT EXISTS "plpgsql"[0m
  [1m[35m (8.6ms)[0m  [1m[35mDROP TABLE IF EXISTS "tasks" CASCADE[0m
  [1m[35m (3.4ms)[0m  [1m[35mCREATE TABLE "tasks" ("id" bigserial primary key, "name" character varying, "description" text, "created_at" timestamp NOT NULL, "updated_at" timestamp NOT NULL)[0m
  [1m[35m (0.5ms)[0m  [1m[34mSELECT "schema_migrations"."version" FROM "schema_migrations" ORDER BY "schema_migrations"."version" ASC[0m
  [1m[36mActiveRecord::InternalMetadata Load (0.4ms)[0m  [1m[34mSELECT  "ar_internal_metadata".* FROM "ar_internal_metadata" WHERE "ar_internal_metadata"."key" = $1 LIMIT $2[0m  [["key", "environment"], ["LIMIT", 1]]
  [1m[35m (0.2ms)[0m  [1m[35mBEGIN[0m
  [1m[35m (0.1ms)[0m  [1m[35mCOMMIT[0m
  [1m[36mActiveRecord::InternalMetadata Load (0.2ms)[0m  [1m[34mSELECT  "ar_internal_metadata".* FROM "ar_internal_metadata" WHERE "ar_internal_metadata"."key" = $1 LIMIT $2[0m  [["key", "environment"], ["LIMIT", 1]]
  [1m[35m (0.1ms)[0m  [1m[35mBEGIN[0m
  [1m[35m (0.1ms)[0m  [1m[35mCOMMIT[0m
  [1m[35mSQL (0.3ms)[0m  [1m[35mCREATE EXTENSION IF NOT EXISTS "plpgsql"[0m
  [1m[35m (6.5ms)[0m  [1m[35mDROP TABLE IF EXISTS "tasks" CASCADE[0m
  [1m[35m (6.8ms)[0m  [1m[35mCREATE TABLE "tasks" ("id" bigserial primary key, "name" character varying, "description" text, "created_at" timestamp NOT NULL, "updated_at" timestamp NOT NULL)[0m
  [1m[35m (1.3ms)[0m  [1m[34mSELECT "schema_migrations"."version" FROM "schema_migrations" ORDER BY "schema_migrations"."version" ASC[0m
  [1m[36mActiveRecord::InternalMetadata Load (0.4ms)[0m  [1m[34mSELECT  "ar_internal_metadata".* FROM "ar_internal_metadata" WHERE "ar_internal_metadata"."key" = $1 LIMIT $2[0m  [["key", "environment"], ["LIMIT", 1]]
  [1m[35m (0.1ms)[0m  [1m[35mBEGIN[0m
  [1m[35m (0.2ms)[0m  [1m[35mCOMMIT[0m
  [1m[36mActiveRecord::InternalMetadata Load (0.3ms)[0m  [1m[34mSELECT  "ar_internal_metadata".* FROM "ar_internal_metadata" WHERE "ar_internal_metadata"."key" = $1 LIMIT $2[0m  [["key", "environment"], ["LIMIT", 1]]
  [1m[35m (0.2ms)[0m  [1m[35mBEGIN[0m
  [1m[35m (0.1ms)[0m  [1m[35mCOMMIT[0m
  [1m[35m (0.8ms)[0m  [1m[34mSELECT "schema_migrations"."version" FROM "schema_migrations" ORDER BY "schema_migrations"."version" ASC[0m
  [1m[35m (0.2ms)[0m  [1m[35mBEGIN[0m
  [1m[35mSQL (0.7ms)[0m  [1m[32mINSERT INTO "tasks" ("name", "description", "created_at", "updated_at") VALUES ($1, $2, $3, $4) RETURNING "id"[0m  [["name", "Task 1"], ["description", "Task 1 description"], ["created_at", "2017-09-18 05:23:21.046627"], ["updated_at", "2017-09-18 05:23:21.046627"]]
  [1m[35m (0.4ms)[0m  [1m[35mCOMMIT[0m
  [1m[35m (0.1ms)[0m  [1m[35mBEGIN[0m
  [1m[35mSQL (0.3ms)[0m  [1m[32mINSERT INTO "tasks" ("name", "description", "created_at", "updated_at") VALUES ($1, $2, $3, $4) RETURNING "id"[0m  [["name", "Task 2"], ["description", "Task 2 description"], ["created_at", "2017-09-18 05:23:21.049549"], ["updated_at", "2017-09-18 05:23:21.049549"]]
  [1m[35m (0.4ms)[0m  [1m[35mCOMMIT[0m
  [1m[35m (0.1ms)[0m  [1m[35mBEGIN[0m
  [1m[35mSQL (0.3ms)[0m  [1m[32mINSERT INTO "tasks" ("name", "description", "created_at", "updated_at") VALUES ($1, $2, $3, $4) RETURNING "id"[0m  [["name", "Task 3"], ["description", "Task 3 description"], ["created_at", "2017-09-18 05:23:21.051197"], ["updated_at", "2017-09-18 05:23:21.051197"]]
  [1m[35m (0.4ms)[0m  [1m[35mCOMMIT[0m
  [1m[35m (0.1ms)[0m  [1m[35mBEGIN[0m
  [1m[35mSQL (1.5ms)[0m  [1m[32mINSERT INTO "tasks" ("name", "description", "created_at", "updated_at") VALUES ($1, $2, $3, $4) RETURNING "id"[0m  [["name", "Task 4"], ["description", "Task 4 description"], ["created_at", "2017-09-18 05:23:21.052818"], ["updated_at", "2017-09-18 05:23:21.052818"]]
  [1m[35m (0.4ms)[0m  [1m[35mCOMMIT[0m
  [1m[35m (0.1ms)[0m  [1m[35mBEGIN[0m
  [1m[35mSQL (0.3ms)[0m  [1m[32mINSERT INTO "tasks" ("name", "description", "created_at", "updated_at") VALUES ($1, $2, $3, $4) RETURNING "id"[0m  [["name", "Task 5"], ["description", "Task 5 description"], ["created_at", "2017-09-18 05:23:21.057091"], ["updated_at", "2017-09-18 05:23:21.057091"]]
  [1m[35m (0.4ms)[0m  [1m[35mCOMMIT[0m
Started GET "/tasks" for ::1 at 2017-09-18 10:53:34 +0530
  [1m[35m (0.6ms)[0m  [1m[34mSELECT "schema_migrations"."version" FROM "schema_migrations" ORDER BY "schema_migrations"."version" ASC[0m
Processing by TasksController#index as HTML
  Rendering tasks/index.html.erb within layouts/application
  [1m[36mTask Load (0.5ms)[0m  [1m[34mSELECT "tasks".* FROM "tasks"[0m
  Rendered tasks/index.html.erb within layouts/application (28.2ms)
Completed 200 OK in 266ms (Views: 222.2ms | ActiveRecord: 4.9ms)


Started DELETE "/tasks/3" for ::1 at 2017-09-18 10:53:40 +0530
Processing by TasksController#destroy as HTML
  Parameters: {"authenticity_token"=>"UZU4wLA6Nor15OUGqKIOXYbWeYbboaTETxUmBEtpCSViRKZ+uaHRtKpOzVYO9tG6DO6Xpjl/MTucZlLcA8qMSg==", "id"=>"3"}
  [1m[36mTask Load (0.3ms)[0m  [1m[34mSELECT  "tasks".* FROM "tasks" WHERE "tasks"."id" = $1 LIMIT $2[0m  [["id", 3], ["LIMIT", 1]]
  [1m[35m (0.5ms)[0m  [1m[35mBEGIN[0m
  [1m[35mSQL (0.3ms)[0m  [1m[31mDELETE FROM "tasks" WHERE "tasks"."id" = $1[0m  [["id", 3]]
  [1m[35m (0.5ms)[0m  [1m[35mCOMMIT[0m
Redirected to http://localhost:3001/tasks
Completed 302 Found in 33ms (ActiveRecord: 9.7ms)


Started GET "/tasks" for ::1 at 2017-09-18 10:53:40 +0530
Processing by TasksController#index as HTML
  Rendering tasks/index.html.erb within layouts/application
  [1m[36mTask Load (0.3ms)[0m  [1m[34mSELECT "tasks".* FROM "tasks"[0m
  Rendered tasks/index.html.erb within layouts/application (5.1ms)
Completed 200 OK in 56ms (Views: 51.9ms | ActiveRecord: 0.3ms)


Started GET "/tasks/new" for ::1 at 2017-09-18 10:53:44 +0530
Processing by TasksController#new as HTML
  Rendering tasks/new.html.erb within layouts/application
  Rendered tasks/_form.html.erb (15.6ms)
  Rendered tasks/new.html.erb within layouts/application (18.8ms)
Completed 200 OK in 54ms (Views: 49.1ms | ActiveRecord: 0.0ms)


Started POST "/tasks" for ::1 at 2017-09-18 10:53:46 +0530
Processing by TasksController#create as HTML
  Parameters: {"utf8"=>"✓", "authenticity_token"=>"3HBdwB64Cjr99+/5Aa3aozt/lLFyF+7/ViKxymKQPC3vocN+FyPtBKJdx6mn+QVEsUd6kZDJewCFUcUSKjO5Qg==", "task"=>{"name"=>"", "description"=>""}, "commit"=>"Create Task"}
  [1m[35m (0.2ms)[0m  [1m[35mBEGIN[0m
  [1m[35m (0.2ms)[0m  [1m[31mROLLBACK[0m
  Rendering tasks/new.html.erb within layouts/application
  Rendered tasks/_form.html.erb (1.7ms)
  Rendered tasks/new.html.erb within layouts/application (3.6ms)
Completed 200 OK in 43ms (Views: 35.8ms | ActiveRecord: 0.4ms)


Started GET "/tasks" for ::1 at 2017-09-18 10:53:48 +0530
Processing by TasksController#index as HTML
  Rendering tasks/index.html.erb within layouts/application
  [1m[36mTask Load (0.8ms)[0m  [1m[34mSELECT "tasks".* FROM "tasks"[0m
  Rendered tasks/index.html.erb within layouts/application (61.4ms)
Completed 200 OK in 107ms (Views: 103.1ms | ActiveRecord: 0.8ms)


